#
# There is insufficient memory for the Java Runtime Environment to continue.
# Native memory allocation (mmap) failed to map 114294784 bytes for Failed to commit area from 0x0000000089800000 to 0x0000000090500000 of length 114294784.
# Possible reasons:
#   The system is out of physical RAM or swap space
#   The process is running with CompressedOops enabled, and the Java Heap may be blocking the growth of the native heap
# Possible solutions:
#   Reduce memory load on the system
#   Increase physical memory or swap space
#   Check if swap backing store is full
#   Decrease Java heap size (-Xmx/-Xms)
#   Decrease number of Java threads
#   Decrease Java thread stack sizes (-Xss)
#   Set larger code cache with -XX:ReservedCodeCacheSize=
#   JVM is running with Unscaled Compressed Oops mode in which the Java heap is
#     placed in the first 4GB address space. The Java Heap base address is the
#     maximum limit for the native heap growth. Please use -XX:HeapBaseMinAddress
#     to set the Java Heap base and to place the Java Heap above 4GB virtual address.
# This output file may be truncated or incomplete.
#
#  Out of Memory Error (./src/hotspot/os/windows/os_windows.cpp:3301), pid=10904, tid=22016
#
# JRE version: OpenJDK Runtime Environment (11.0.11+9) (build 11.0.11+9-b60-7590822)
# Java VM: OpenJDK 64-Bit Server VM (11.0.11+9-b60-7590822, mixed mode, tiered, compressed oops, g1 gc, windows-amd64)
# No core dump will be written. Minidumps are not enabled by default on client versions of Windows
#

---------------  S U M M A R Y ------------

Command Line: --add-opens=java.base/java.util=ALL-UNNAMED --add-opens=java.base/java.lang=ALL-UNNAMED --add-opens=java.base/java.lang.invoke=ALL-UNNAMED --add-opens=java.base/java.util=ALL-UNNAMED --add-opens=java.prefs/java.util.prefs=ALL-UNNAMED --add-opens=java.prefs/java.util.prefs=ALL-UNNAMED --add-opens=java.base/java.nio.charset=ALL-UNNAMED --add-opens=java.base/java.net=ALL-UNNAMED --add-opens=java.base/java.util.concurrent.atomic=ALL-UNNAMED -Xmx2048m -Dfile.encoding=UTF-8 -Duser.country=US -Duser.language=en -Duser.variant org.gradle.launcher.daemon.bootstrap.GradleDaemon 7.2

Host: 11th Gen Intel(R) Core(TM) i5-1135G7 @ 2.40GHz, 8 cores, 7G,  Windows 10 , 64 bit Build 22000 (10.0.22000.613)
Time: Sun Apr 24 15:06:58 2022 Pakistan Standard Time elapsed time: 582.159499 seconds (0d 0h 9m 42s)

---------------  T H R E A D  ---------------

Current thread (0x000002069392e800):  VMThread "VM Thread" [stack: 0x000000a028600000,0x000000a028700000] [id=22016]

Stack: [0x000000a028600000,0x000000a028700000]
[error occurred during error reporting (printing stack bounds), id 0xc0000005, EXCEPTION_ACCESS_VIOLATION (0xc0000005) at pc=0x00000206800010e7]

Native frames: (J=compiled Java code, j=interpreted, Vv=VM code, C=native code)
V  [jvm.dll+0x5f214a]
V  [jvm.dll+0x726fb5]
V  [jvm.dll+0x7285cd]
V  [jvm.dll+0x728be5]
V  [jvm.dll+0x728b9b]
V  [jvm.dll+0x5f14e8]
V  [jvm.dll+0x5f1c78]
C  [ntdll.dll+0xa86ef]
C  [ntdll.dll+0x35aea]
C  [ntdll.dll+0xa76fe]
C  0x00000206800010e7

VM_Operation (0x000000a031ffe650): G1CollectForAllocation, mode: safepoint, requested by thread 0x000002069c072000


---------------  P R O C E S S  ---------------

Threads class SMR info:
_java_thread_list=0x0000020698527830, length=148, elements={
0x00000206f93ee000, 0x0000020693933000, 0x0000020693934000, 0x00000206942b2800,
0x000002069394e000, 0x000002069394f800, 0x0000020693952800, 0x000002069395a000,
0x0000020693964800, 0x0000020694410000, 0x00000206959d1800, 0x0000020695ad0800,
0x00000206968c1000, 0x0000020695742800, 0x0000020695741800, 0x0000020695746800,
0x0000020695748000, 0x0000020695745000, 0x0000020696d96800, 0x0000020696d99000,
0x0000020696d93000, 0x0000020696d94000, 0x0000020696d9a800, 0x000002069866a800,
0x0000020698669000, 0x0000020698666800, 0x0000020698669800, 0x0000020698667000,
0x0000020696ea8000, 0x0000020696eaa800, 0x0000020696ea8800, 0x0000020696eab000,
0x0000020696ea7000, 0x0000020696ea5800, 0x0000020696eac000, 0x0000020696ead000,
0x0000020696ead800, 0x0000020696eae800, 0x0000020696eaf000, 0x0000020696ea9800,
0x0000020696eb1800, 0x0000020696eb1000, 0x0000020696eb0000, 0x0000020696eb2800,
0x0000020696eb3800, 0x0000020696eb4000, 0x0000020698660000, 0x0000020698660800,
0x000002069865c800, 0x000002069865d800, 0x0000020698661800, 0x0000020698662000,
0x0000020698663000, 0x0000020698664000, 0x000002069865e000, 0x000002069865f000,
0x0000020698664800, 0x000002069866b000, 0x0000020698668000, 0x0000020698665800,
0x0000020696d95000, 0x0000020696d95800, 0x0000020696d97800, 0x0000020696d9c000,
0x0000020696d9e000, 0x0000020696d9e800, 0x0000020696d9d000, 0x0000020696da1000,
0x0000020696d9b800, 0x0000020696d9f800, 0x0000020696da0000, 0x0000020696da2000,
0x0000020695744000, 0x0000020695747000, 0x0000020695745800, 0x0000020695743000,
0x0000020698c32000, 0x0000020698c33800, 0x0000020698c33000, 0x0000020698c34800,
0x0000020698c35800, 0x0000020698c36000, 0x0000020698c30800, 0x0000020698c37000,
0x0000020698c31000, 0x0000020698c37800, 0x0000020698c38800, 0x0000020698c39800,
0x0000020698c3b000, 0x0000020698c3e000, 0x0000020698c3c000, 0x0000020698c3c800,
0x0000020698c3d800, 0x0000020698c3a000, 0x0000020698c3f000, 0x000002069da04800,
0x000002069da00000, 0x000002069da02000, 0x000002069da05000, 0x000002069da06000,
0x000002069da06800, 0x000002069da02800, 0x000002069da03800, 0x000002069da01000,
0x000002069da0b000, 0x000002069da0b800, 0x000002069da0c800, 0x000002069da0d800,
0x000002069da0a000, 0x000002069da07800, 0x000002069da09000, 0x000002069da0e000,
0x000002069da08800, 0x000002069da0f000, 0x0000020696623800, 0x0000020696624000,
0x0000020696625800, 0x0000020696625000, 0x0000020696626800, 0x0000020696627800,
0x0000020696628000, 0x0000020696622800, 0x000002069662a800, 0x000002069662b800,
0x0000020696629000, 0x000002069662c800, 0x000002069662f800, 0x000002069662d000,
0x000002069662e000, 0x000002069662e800, 0x000002069662a000, 0x0000020696630800,
0x0000020696631000, 0x000002069c067800, 0x000002069c06a800, 0x000002069c06d000,
0x000002069c06e000, 0x000002069c06c800, 0x000002069c06b800, 0x000002069c068000,
0x000002069c06e800, 0x000002069c069000, 0x000002069c06f800, 0x000002069c06a000,
0x000002069c071000, 0x000002069c072000, 0x000002069c073000, 0x000002069c070800
}

Java Threads: ( => current thread )
  0x00000206f93ee000 JavaThread "main" [_thread_blocked, id=23308, stack(0x000000a028000000,0x000000a028100000)]
  0x0000020693933000 JavaThread "Reference Handler" daemon [_thread_blocked, id=12464, stack(0x000000a028700000,0x000000a028800000)]
  0x0000020693934000 JavaThread "Finalizer" daemon [_thread_blocked, id=12700, stack(0x000000a028800000,0x000000a028900000)]
  0x00000206942b2800 JavaThread "Signal Dispatcher" daemon [_thread_blocked, id=17024, stack(0x000000a028900000,0x000000a028a00000)]
  0x000002069394e000 JavaThread "Attach Listener" daemon [_thread_blocked, id=22544, stack(0x000000a028a00000,0x000000a028b00000)]
  0x000002069394f800 JavaThread "Service Thread" daemon [_thread_blocked, id=7380, stack(0x000000a028b00000,0x000000a028c00000)]
  0x0000020693952800 JavaThread "C2 CompilerThread0" daemon [_thread_in_native, id=17240, stack(0x000000a028c00000,0x000000a028d00000)]
  0x000002069395a000 JavaThread "C1 CompilerThread0" daemon [_thread_blocked, id=13932, stack(0x000000a028d00000,0x000000a028e00000)]
  0x0000020693964800 JavaThread "Sweeper thread" daemon [_thread_blocked, id=17596, stack(0x000000a028e00000,0x000000a028f00000)]
  0x0000020694410000 JavaThread "Common-Cleaner" daemon [_thread_blocked, id=10336, stack(0x000000a028f00000,0x000000a029000000)]
  0x00000206959d1800 JavaThread "Daemon health stats" [_thread_blocked, id=7960, stack(0x000000a029100000,0x000000a029200000)]
  0x0000020695ad0800 JavaThread "Incoming local TCP Connector on port 60357" [_thread_in_native, id=16092, stack(0x000000a029400000,0x000000a029500000)]
  0x00000206968c1000 JavaThread "Daemon periodic checks" [_thread_blocked, id=16356, stack(0x000000a029500000,0x000000a029600000)]
  0x0000020695742800 JavaThread "Cache worker for journal cache (C:\Users\majma\.gradle\caches\journal-1)" [_thread_blocked, id=18440, stack(0x000000a02a200000,0x000000a02a300000)]
  0x0000020695741800 JavaThread "File lock request listener" [_thread_in_native, id=14848, stack(0x000000a02a300000,0x000000a02a400000)]
  0x0000020695746800 JavaThread "Cache worker for file hash cache (C:\Users\majma\.gradle\caches\7.2\fileHashes)" [_thread_blocked, id=324, stack(0x000000a02a400000,0x000000a02a500000)]
  0x0000020695748000 JavaThread "File watcher server" daemon [_thread_blocked, id=3064, stack(0x000000a02a700000,0x000000a02a800000)]
  0x0000020695745000 JavaThread "File watcher consumer" daemon [_thread_blocked, id=18216, stack(0x000000a02a800000,0x000000a02a900000)]
  0x0000020696d96800 JavaThread "Cache worker for execution history cache (C:\Users\majma\.gradle\caches\7.2\executionHistory)" [_thread_blocked, id=10048, stack(0x000000a02ac00000,0x000000a02ad00000)]
  0x0000020696d99000 JavaThread "jar transforms" [_thread_blocked, id=6632, stack(0x000000a02ad00000,0x000000a02ae00000)]
  0x0000020696d93000 JavaThread "Cache worker for file content cache (C:\Users\majma\.gradle\caches\7.2\fileContent)" [_thread_blocked, id=22540, stack(0x000000a02ae00000,0x000000a02af00000)]
  0x0000020696d94000 JavaThread "jar transforms Thread 2" [_thread_blocked, id=4384, stack(0x000000a02af00000,0x000000a02b000000)]
  0x0000020696d9a800 JavaThread "jar transforms Thread 3" [_thread_blocked, id=18240, stack(0x000000a02b200000,0x000000a02b300000)]
  0x000002069866a800 JavaThread "jar transforms Thread 4" [_thread_blocked, id=10932, stack(0x000000a030500000,0x000000a030600000)]
  0x0000020698669000 JavaThread "jar transforms Thread 5" [_thread_blocked, id=20108, stack(0x000000a030600000,0x000000a030700000)]
  0x0000020698666800 JavaThread "jar transforms Thread 6" [_thread_blocked, id=15720, stack(0x000000a030700000,0x000000a030800000)]
  0x0000020698669800 JavaThread "jar transforms Thread 7" [_thread_blocked, id=1236, stack(0x000000a030800000,0x000000a030900000)]
  0x0000020698667000 JavaThread "jar transforms Thread 8" [_thread_blocked, id=8832, stack(0x000000a030900000,0x000000a030a00000)]
  0x0000020696ea8000 JavaThread "Memory manager" [_thread_blocked, id=23200, stack(0x000000a030a00000,0x000000a030b00000)]
  0x0000020696eaa800 JavaThread "Daemon Thread 3" [_thread_blocked, id=17968, stack(0x000000a027d00000,0x000000a027e00000)]
  0x0000020696ea8800 JavaThread "Handler for socket connection from /127.0.0.1:60357 to /127.0.0.1:53984" [_thread_in_native, id=20524, stack(0x000000a027e00000,0x000000a027f00000)]
  0x0000020696eab000 JavaThread "Cancel handler" [_thread_blocked, id=23464, stack(0x000000a027f00000,0x000000a028000000)]
  0x0000020696ea7000 JavaThread "Daemon worker Thread 3" [_thread_blocked, id=21188, stack(0x000000a029600000,0x000000a029700000)]
  0x0000020696ea5800 JavaThread "Asynchronous log dispatcher for DefaultDaemonConnection: socket connection from /127.0.0.1:60357 to /127.0.0.1:53984" [_thread_blocked, id=17448, stack(0x000000a029700000,0x000000a029800000)]
  0x0000020696eac000 JavaThread "Stdin handler" [_thread_blocked, id=12000, stack(0x000000a029800000,0x000000a029900000)]
  0x0000020696ead000 JavaThread "Daemon client event forwarder" [_thread_blocked, id=11028, stack(0x000000a029900000,0x000000a029a00000)]
  0x0000020696ead800 JavaThread "Cache worker for file hash cache (C:\Users\majma\FA19_BSE_028_Assi_2\.gradle\7.2\fileHashes)" [_thread_blocked, id=3292, stack(0x000000a029a00000,0x000000a029b00000)]
  0x0000020696eae800 JavaThread "Cache worker for checksums cache (C:\Users\majma\FA19_BSE_028_Assi_2\.gradle\checksums)" [_thread_blocked, id=15504, stack(0x000000a029b00000,0x000000a029c00000)]
  0x0000020696eaf000 JavaThread "Cache worker for cache directory md-supplier (C:\Users\majma\.gradle\caches\7.2\md-supplier)" [_thread_blocked, id=6664, stack(0x000000a029c00000,0x000000a029d00000)]
  0x0000020696ea9800 JavaThread "Cache worker for cache directory md-rule (C:\Users\majma\.gradle\caches\7.2\md-rule)" [_thread_blocked, id=17304, stack(0x000000a02a900000,0x000000a02aa00000)]
  0x0000020696eb1800 JavaThread "Cache worker for dependencies-accessors (C:\Users\majma\FA19_BSE_028_Assi_2\.gradle\7.2\dependencies-accessors)" [_thread_blocked, id=11556, stack(0x000000a02aa00000,0x000000a02ab00000)]
  0x0000020696eb1000 JavaThread "Cache worker for Build Output Cleanup Cache (C:\Users\majma\FA19_BSE_028_Assi_2\.gradle\buildOutputCleanup)" [_thread_blocked, id=11252, stack(0x000000a02ab00000,0x000000a02ac00000)]
  0x0000020696eb0000 JavaThread "Unconstrained build operations" [_thread_blocked, id=5552, stack(0x000000a02b000000,0x000000a02b100000)]
  0x0000020696eb2800 JavaThread "Unconstrained build operations Thread 2" [_thread_blocked, id=2380, stack(0x000000a02b100000,0x000000a02b200000)]
  0x0000020696eb3800 JavaThread "Unconstrained build operations Thread 3" [_thread_blocked, id=6552, stack(0x000000a02b300000,0x000000a02b400000)]
  0x0000020696eb4000 JavaThread "Unconstrained build operations Thread 4" [_thread_blocked, id=18976, stack(0x000000a02b400000,0x000000a02b500000)]
  0x0000020698660000 JavaThread "Unconstrained build operations Thread 5" [_thread_blocked, id=16132, stack(0x000000a02b500000,0x000000a02b600000)]
  0x0000020698660800 JavaThread "Unconstrained build operations Thread 6" [_thread_blocked, id=6976, stack(0x000000a02b600000,0x000000a02b700000)]
  0x000002069865c800 JavaThread "Unconstrained build operations Thread 7" [_thread_blocked, id=2232, stack(0x000000a02b700000,0x000000a02b800000)]
  0x000002069865d800 JavaThread "Unconstrained build operations Thread 8" [_thread_blocked, id=11664, stack(0x000000a02b800000,0x000000a02b900000)]
  0x0000020698661800 JavaThread "Unconstrained build operations Thread 9" [_thread_blocked, id=17616, stack(0x000000a02b900000,0x000000a02ba00000)]
  0x0000020698662000 JavaThread "Unconstrained build operations Thread 10" [_thread_blocked, id=21396, stack(0x000000a02ba00000,0x000000a02bb00000)]
  0x0000020698663000 JavaThread "Unconstrained build operations Thread 11" [_thread_blocked, id=20732, stack(0x000000a02bb00000,0x000000a02bc00000)]
  0x0000020698664000 JavaThread "Unconstrained build operations Thread 12" [_thread_blocked, id=9124, stack(0x000000a02bc00000,0x000000a02bd00000)]
  0x000002069865e000 JavaThread "Unconstrained build operations Thread 13" [_thread_blocked, id=16788, stack(0x000000a02bd00000,0x000000a02be00000)]
  0x000002069865f000 JavaThread "Unconstrained build operations Thread 14" [_thread_blocked, id=9256, stack(0x000000a02be00000,0x000000a02bf00000)]
  0x0000020698664800 JavaThread "Unconstrained build operations Thread 15" [_thread_blocked, id=15872, stack(0x000000a02bf00000,0x000000a02c000000)]
  0x000002069866b000 JavaThread "Unconstrained build operations Thread 16" [_thread_blocked, id=11876, stack(0x000000a02c000000,0x000000a02c100000)]
  0x0000020698668000 JavaThread "Unconstrained build operations Thread 17" [_thread_blocked, id=11968, stack(0x000000a02c100000,0x000000a02c200000)]
  0x0000020698665800 JavaThread "Unconstrained build operations Thread 18" [_thread_blocked, id=8840, stack(0x000000a02c200000,0x000000a02c300000)]
  0x0000020696d95000 JavaThread "Unconstrained build operations Thread 19" [_thread_blocked, id=22784, stack(0x000000a02c300000,0x000000a02c400000)]
  0x0000020696d95800 JavaThread "Unconstrained build operations Thread 20" [_thread_blocked, id=3316, stack(0x000000a02c400000,0x000000a02c500000)]
  0x0000020696d97800 JavaThread "Unconstrained build operations Thread 21" [_thread_blocked, id=18260, stack(0x000000a02c500000,0x000000a02c600000)]
  0x0000020696d9c000 JavaThread "Unconstrained build operations Thread 22" [_thread_blocked, id=12628, stack(0x000000a02c600000,0x000000a02c700000)]
  0x0000020696d9e000 JavaThread "Unconstrained build operations Thread 23" [_thread_blocked, id=9224, stack(0x000000a02c700000,0x000000a02c800000)]
  0x0000020696d9e800 JavaThread "Unconstrained build operations Thread 24" [_thread_blocked, id=16272, stack(0x000000a02c800000,0x000000a02c900000)]
  0x0000020696d9d000 JavaThread "Unconstrained build operations Thread 25" [_thread_blocked, id=3100, stack(0x000000a02c900000,0x000000a02ca00000)]
  0x0000020696da1000 JavaThread "Unconstrained build operations Thread 26" [_thread_blocked, id=1304, stack(0x000000a02ca00000,0x000000a02cb00000)]
  0x0000020696d9b800 JavaThread "Unconstrained build operations Thread 27" [_thread_blocked, id=5532, stack(0x000000a02cb00000,0x000000a02cc00000)]
  0x0000020696d9f800 JavaThread "Unconstrained build operations Thread 28" [_thread_blocked, id=6280, stack(0x000000a02cc00000,0x000000a02cd00000)]
  0x0000020696da0000 JavaThread "Unconstrained build operations Thread 29" [_thread_blocked, id=9912, stack(0x000000a02cd00000,0x000000a02ce00000)]
  0x0000020696da2000 JavaThread "Unconstrained build operations Thread 30" [_thread_blocked, id=21708, stack(0x000000a02ce00000,0x000000a02cf00000)]
  0x0000020695744000 JavaThread "Unconstrained build operations Thread 31" [_thread_blocked, id=21568, stack(0x000000a02cf00000,0x000000a02d000000)]
  0x0000020695747000 JavaThread "Unconstrained build operations Thread 32" [_thread_blocked, id=8500, stack(0x000000a02d000000,0x000000a02d100000)]
  0x0000020695745800 JavaThread "Unconstrained build operations Thread 33" [_thread_blocked, id=3328, stack(0x000000a02d100000,0x000000a02d200000)]
  0x0000020695743000 JavaThread "Unconstrained build operations Thread 34" [_thread_blocked, id=16820, stack(0x000000a02d200000,0x000000a02d300000)]
  0x0000020698c32000 JavaThread "Unconstrained build operations Thread 35" [_thread_blocked, id=2160, stack(0x000000a02d300000,0x000000a02d400000)]
  0x0000020698c33800 JavaThread "Unconstrained build operations Thread 36" [_thread_blocked, id=16688, stack(0x000000a02d400000,0x000000a02d500000)]
  0x0000020698c33000 JavaThread "Unconstrained build operations Thread 37" [_thread_blocked, id=3628, stack(0x000000a02d500000,0x000000a02d600000)]
  0x0000020698c34800 JavaThread "Unconstrained build operations Thread 38" [_thread_blocked, id=17708, stack(0x000000a02d600000,0x000000a02d700000)]
  0x0000020698c35800 JavaThread "Unconstrained build operations Thread 39" [_thread_blocked, id=14700, stack(0x000000a02d700000,0x000000a02d800000)]
  0x0000020698c36000 JavaThread "Unconstrained build operations Thread 40" [_thread_blocked, id=21740, stack(0x000000a02d800000,0x000000a02d900000)]
  0x0000020698c30800 JavaThread "Unconstrained build operations Thread 41" [_thread_blocked, id=19044, stack(0x000000a02d900000,0x000000a02da00000)]
  0x0000020698c37000 JavaThread "Unconstrained build operations Thread 42" [_thread_blocked, id=17184, stack(0x000000a02da00000,0x000000a02db00000)]
  0x0000020698c31000 JavaThread "Unconstrained build operations Thread 43" [_thread_blocked, id=20384, stack(0x000000a02db00000,0x000000a02dc00000)]
  0x0000020698c37800 JavaThread "Unconstrained build operations Thread 44" [_thread_blocked, id=7788, stack(0x000000a02dc00000,0x000000a02dd00000)]
  0x0000020698c38800 JavaThread "Unconstrained build operations Thread 45" [_thread_blocked, id=17084, stack(0x000000a02dd00000,0x000000a02de00000)]
  0x0000020698c39800 JavaThread "Unconstrained build operations Thread 46" [_thread_blocked, id=21072, stack(0x000000a02de00000,0x000000a02df00000)]
  0x0000020698c3b000 JavaThread "Unconstrained build operations Thread 47" [_thread_blocked, id=17396, stack(0x000000a02df00000,0x000000a02e000000)]
  0x0000020698c3e000 JavaThread "Unconstrained build operations Thread 48" [_thread_blocked, id=20980, stack(0x000000a02e000000,0x000000a02e100000)]
  0x0000020698c3c000 JavaThread "Unconstrained build operations Thread 49" [_thread_blocked, id=6452, stack(0x000000a02e100000,0x000000a02e200000)]
  0x0000020698c3c800 JavaThread "Unconstrained build operations Thread 50" [_thread_blocked, id=19156, stack(0x000000a02e200000,0x000000a02e300000)]
  0x0000020698c3d800 JavaThread "Unconstrained build operations Thread 51" [_thread_blocked, id=8068, stack(0x000000a02e300000,0x000000a02e400000)]
  0x0000020698c3a000 JavaThread "Unconstrained build operations Thread 52" [_thread_blocked, id=14612, stack(0x000000a02e400000,0x000000a02e500000)]
  0x0000020698c3f000 JavaThread "Unconstrained build operations Thread 53" [_thread_blocked, id=2552, stack(0x000000a02e500000,0x000000a02e600000)]
  0x000002069da04800 JavaThread "Unconstrained build operations Thread 54" [_thread_blocked, id=22100, stack(0x000000a02e600000,0x000000a02e700000)]
  0x000002069da00000 JavaThread "Unconstrained build operations Thread 55" [_thread_blocked, id=18776, stack(0x000000a02e700000,0x000000a02e800000)]
  0x000002069da02000 JavaThread "Unconstrained build operations Thread 56" [_thread_blocked, id=6376, stack(0x000000a02e800000,0x000000a02e900000)]
  0x000002069da05000 JavaThread "Unconstrained build operations Thread 57" [_thread_blocked, id=9328, stack(0x000000a02e900000,0x000000a02ea00000)]
  0x000002069da06000 JavaThread "Unconstrained build operations Thread 58" [_thread_blocked, id=9600, stack(0x000000a02ea00000,0x000000a02eb00000)]
  0x000002069da06800 JavaThread "Unconstrained build operations Thread 59" [_thread_blocked, id=18344, stack(0x000000a02eb00000,0x000000a02ec00000)]
  0x000002069da02800 JavaThread "Unconstrained build operations Thread 60" [_thread_blocked, id=9072, stack(0x000000a02ec00000,0x000000a02ed00000)]
  0x000002069da03800 JavaThread "Unconstrained build operations Thread 61" [_thread_blocked, id=22160, stack(0x000000a02ed00000,0x000000a02ee00000)]
  0x000002069da01000 JavaThread "Unconstrained build operations Thread 62" [_thread_blocked, id=14672, stack(0x000000a02ee00000,0x000000a02ef00000)]
  0x000002069da0b000 JavaThread "Unconstrained build operations Thread 63" [_thread_blocked, id=21516, stack(0x000000a02ef00000,0x000000a02f000000)]
  0x000002069da0b800 JavaThread "Unconstrained build operations Thread 64" [_thread_blocked, id=18316, stack(0x000000a02f000000,0x000000a02f100000)]
  0x000002069da0c800 JavaThread "Unconstrained build operations Thread 65" [_thread_blocked, id=9532, stack(0x000000a02f100000,0x000000a02f200000)]
  0x000002069da0d800 JavaThread "Unconstrained build operations Thread 66" [_thread_blocked, id=4272, stack(0x000000a02f200000,0x000000a02f300000)]
  0x000002069da0a000 JavaThread "Unconstrained build operations Thread 67" [_thread_blocked, id=18480, stack(0x000000a02f300000,0x000000a02f400000)]
  0x000002069da07800 JavaThread "Unconstrained build operations Thread 68" [_thread_blocked, id=20448, stack(0x000000a02f400000,0x000000a02f500000)]
  0x000002069da09000 JavaThread "Unconstrained build operations Thread 69" [_thread_blocked, id=14356, stack(0x000000a02f500000,0x000000a02f600000)]
  0x000002069da0e000 JavaThread "Unconstrained build operations Thread 70" [_thread_blocked, id=11952, stack(0x000000a02f600000,0x000000a02f700000)]
  0x000002069da08800 JavaThread "Unconstrained build operations Thread 71" [_thread_blocked, id=17316, stack(0x000000a02f700000,0x000000a02f800000)]
  0x000002069da0f000 JavaThread "Unconstrained build operations Thread 72" [_thread_blocked, id=15056, stack(0x000000a02f800000,0x000000a02f900000)]
  0x0000020696623800 JavaThread "Unconstrained build operations Thread 73" [_thread_blocked, id=22148, stack(0x000000a02f900000,0x000000a02fa00000)]
  0x0000020696624000 JavaThread "Unconstrained build operations Thread 74" [_thread_blocked, id=1712, stack(0x000000a02fa00000,0x000000a02fb00000)]
  0x0000020696625800 JavaThread "Unconstrained build operations Thread 75" [_thread_blocked, id=20736, stack(0x000000a02fb00000,0x000000a02fc00000)]
  0x0000020696625000 JavaThread "Unconstrained build operations Thread 76" [_thread_blocked, id=13992, stack(0x000000a02fc00000,0x000000a02fd00000)]
  0x0000020696626800 JavaThread "Unconstrained build operations Thread 77" [_thread_blocked, id=17672, stack(0x000000a02fd00000,0x000000a02fe00000)]
  0x0000020696627800 JavaThread "Unconstrained build operations Thread 78" [_thread_blocked, id=16124, stack(0x000000a02fe00000,0x000000a02ff00000)]
  0x0000020696628000 JavaThread "Unconstrained build operations Thread 79" [_thread_blocked, id=13016, stack(0x000000a02ff00000,0x000000a030000000)]
  0x0000020696622800 JavaThread "Unconstrained build operations Thread 80" [_thread_blocked, id=1464, stack(0x000000a030000000,0x000000a030100000)]
  0x000002069662a800 JavaThread "build event listener" [_thread_blocked, id=20120, stack(0x000000a030100000,0x000000a030200000)]
  0x000002069662b800 JavaThread "Execution worker for ':'" [_thread_blocked, id=23496, stack(0x000000a030200000,0x000000a030300000)]
  0x0000020696629000 JavaThread "Execution worker for ':' Thread 2" [_thread_blocked, id=8912, stack(0x000000a030300000,0x000000a030400000)]
  0x000002069662c800 JavaThread "Execution worker for ':' Thread 3" [_thread_blocked, id=16256, stack(0x000000a030400000,0x000000a030500000)]
  0x000002069662f800 JavaThread "Execution worker for ':' Thread 4" [_thread_blocked, id=7228, stack(0x000000a030b00000,0x000000a030c00000)]
  0x000002069662d000 JavaThread "Execution worker for ':' Thread 5" [_thread_blocked, id=1032, stack(0x000000a030c00000,0x000000a030d00000)]
  0x000002069662e000 JavaThread "Execution worker for ':' Thread 6" [_thread_blocked, id=14476, stack(0x000000a030d00000,0x000000a030e00000)]
  0x000002069662e800 JavaThread "Execution worker for ':' Thread 7" [_thread_blocked, id=11832, stack(0x000000a030e00000,0x000000a030f00000)]
  0x000002069662a000 JavaThread "Cache worker for execution history cache (C:\Users\majma\FA19_BSE_028_Assi_2\.gradle\7.2\executionHistory)" [_thread_blocked, id=15344, stack(0x000000a030f00000,0x000000a031000000)]
  0x0000020696630800 JavaThread "WorkerExecutor Queue" [_thread_blocked, id=13296, stack(0x000000a031000000,0x000000a031100000)]
  0x0000020696631000 JavaThread "WorkerExecutor Queue Thread 2" [_thread_blocked, id=13836, stack(0x000000a031200000,0x000000a031300000)]
  0x000002069c067800 JavaThread "WorkerExecutor Queue Thread 3" [_thread_blocked, id=11176, stack(0x000000a031300000,0x000000a031400000)]
  0x000002069c06a800 JavaThread "WorkerExecutor Queue Thread 4" [_thread_blocked, id=11896, stack(0x000000a031400000,0x000000a031500000)]
  0x000002069c06d000 JavaThread "WorkerExecutor Queue Thread 5" [_thread_blocked, id=2636, stack(0x000000a031500000,0x000000a031600000)]
  0x000002069c06e000 JavaThread "WorkerExecutor Queue Thread 6" [_thread_blocked, id=14136, stack(0x000000a031600000,0x000000a031700000)]
  0x000002069c06c800 JavaThread "WorkerExecutor Queue Thread 7" [_thread_blocked, id=13404, stack(0x000000a031700000,0x000000a031800000)]
  0x000002069c06b800 JavaThread "WorkerExecutor Queue Thread 8" [_thread_blocked, id=8452, stack(0x000000a031800000,0x000000a031900000)]
  0x000002069c068000 JavaThread "WorkerExecutor Queue Thread 9" [_thread_blocked, id=6716, stack(0x000000a031900000,0x000000a031a00000)]
  0x000002069c06e800 JavaThread "ForkJoinPool-1-worker-3" daemon [_thread_blocked, id=22508, stack(0x000000a031a00000,0x000000a031b00000)]
  0x000002069c069000 JavaThread "ForkJoinPool-1-worker-5" daemon [_thread_blocked, id=2704, stack(0x000000a031b00000,0x000000a031c00000)]
  0x000002069c06f800 JavaThread "ForkJoinPool-1-worker-7" daemon [_thread_blocked, id=19396, stack(0x000000a031c00000,0x000000a031d00000)]
  0x000002069c06a000 JavaThread "ForkJoinPool-1-worker-9" daemon [_thread_blocked, id=1364, stack(0x000000a031d00000,0x000000a031e00000)]
  0x000002069c071000 JavaThread "ForkJoinPool-1-worker-11" daemon [_thread_blocked, id=23424, stack(0x000000a031e00000,0x000000a031f00000)]
  0x000002069c072000 JavaThread "ForkJoinPool-1-worker-13" daemon [_thread_blocked, id=4648, stack(0x000000a031f00000,0x000000a032000000)]
  0x000002069c073000 JavaThread "ForkJoinPool-1-worker-15" daemon [_thread_blocked, id=7264, stack(0x000000a032000000,0x000000a032100000)]
  0x000002069c070800 JavaThread "ForkJoinPool-1-worker-1" daemon [_thread_blocked, id=8060, stack(0x000000a032100000,0x000000a032200000)]

Other Threads:
=>0x000002069392e800 VMThread "VM Thread" [stack: 0x000000a028600000,0x000000a028700000] [id=22016]
  0x0000020694423800 WatcherThread [stack: 0x000000a029000000,0x000000a029100000] [id=1924]
  0x00000206f9407000 GCTaskThread "GC Thread#0" [stack: 0x000000a028100000,0x000000a028200000] [id=15892]
  0x0000020694f62000 GCTaskThread "GC Thread#1" [stack: 0x000000a029200000,0x000000a029300000] [id=13764]
  0x0000020694fdd000 GCTaskThread "GC Thread#2" [stack: 0x000000a029300000,0x000000a029400000] [id=20280]
  0x0000020695160800 GCTaskThread "GC Thread#3" [stack: 0x000000a029d00000,0x000000a029e00000] [id=17340]
  0x000002069574d800 GCTaskThread "GC Thread#4" [stack: 0x000000a029e00000,0x000000a029f00000] [id=15708]
  0x00000206950e8000 GCTaskThread "GC Thread#5" [stack: 0x000000a029f00000,0x000000a02a000000] [id=8496]
  0x00000206950e8800 GCTaskThread "GC Thread#6" [stack: 0x000000a02a000000,0x000000a02a100000] [id=22700]
  0x0000020696066000 GCTaskThread "GC Thread#7" [stack: 0x000000a02a100000,0x000000a02a200000] [id=18200]
  0x00000206f9439000 ConcurrentGCThread "G1 Main Marker" [stack: 0x000000a028200000,0x000000a028300000] [id=16528]
  0x00000206f943a000 ConcurrentGCThread "G1 Conc#0" [stack: 0x000000a028300000,0x000000a028400000] [id=16268]
  0x0000020696111800 ConcurrentGCThread "G1 Conc#1" [stack: 0x000000a02a500000,0x000000a02a600000] [id=10528]
  0x00000206f94c8800 ConcurrentGCThread "G1 Refine#0" [stack: 0x000000a028400000,0x000000a028500000] [id=21992]
  0x00000206a0be6000 ConcurrentGCThread "G1 Refine#1" [stack: 0x000000a02a600000,0x000000a02a700000] [id=18412]
  0x00000206f94c9000 ConcurrentGCThread "G1 Young RemSet Sampling" [stack: 0x000000a028500000,0x000000a028600000] [id=3572]

Threads with active compile tasks:
C2 CompilerThread0 582210 13293       4       com.android.tools.r8.dex.r::m (2110 bytes)
C1 CompilerThread0 582210 13530       2       com.android.tools.r8.dex.r::b (36 bytes)

VM state:at safepoint (normal execution)

VM Mutex/Monitor currently owned by a thread:  ([mutex/lock_event])
[0x00000206f72da570] Threads_lock - owner thread: 0x000002069392e800
[0x00000206f72daf00] Heap_lock - owner thread: 0x000002069c072000

Heap address: 0x0000000080000000, size: 2048 MB, Compressed Oops mode: 32-bit
Narrow klass base: 0x0000000000000000, Narrow klass shift: 3
Compressed class space size: 1073741824 Address: 0x0000000100000000

Heap:
 garbage-first heap   total 267264K, used 126882K [0x0000000080000000, 0x0000000100000000)
  region size 1024K, 1 young (1024K), 1 survivors (1024K)
 Metaspace       used 93628K, capacity 95993K, committed 96112K, reserved 1132544K
  class space    used 12185K, capacity 13098K, committed 13132K, reserved 1048576K
Heap Regions: E=young(eden), S=young(survivor), O=old, HS=humongous(starts), HC=humongous(continues), CS=collection set, F=free, A=archive, TAMS=top-at-mark-start (previous, next)
|   0|0x0000000080000000, 0x0000000080100000, 0x0000000080100000|100%| O|  |TAMS 0x0000000080100000, 0x0000000080100000| Untracked 
|   1|0x0000000080100000, 0x0000000080200000, 0x0000000080200000|100%| O|  |TAMS 0x0000000080200000, 0x0000000080200000| Untracked 
|   2|0x0000000080200000, 0x0000000080300000, 0x0000000080300000|100%| O|  |TAMS 0x0000000080300000, 0x0000000080300000| Untracked 
|   3|0x0000000080300000, 0x0000000080400000, 0x0000000080400000|100%|HS|  |TAMS 0x0000000080400000, 0x0000000080400000| Complete 
|   4|0x0000000080400000, 0x0000000080500000, 0x0000000080500000|100%|HC|  |TAMS 0x0000000080500000, 0x0000000080500000| Complete 
|   5|0x0000000080500000, 0x0000000080600000, 0x0000000080600000|100%|HC|  |TAMS 0x0000000080600000, 0x0000000080600000| Complete 
|   6|0x0000000080600000, 0x0000000080700000, 0x0000000080700000|100%| O|  |TAMS 0x0000000080700000, 0x0000000080700000| Untracked 
|   7|0x0000000080700000, 0x0000000080800000, 0x0000000080800000|100%| O|  |TAMS 0x0000000080800000, 0x0000000080800000| Untracked 
|   8|0x0000000080800000, 0x0000000080900000, 0x0000000080900000|100%| O|  |TAMS 0x0000000080900000, 0x0000000080900000| Untracked 
|   9|0x0000000080900000, 0x0000000080a00000, 0x0000000080a00000|100%| O|  |TAMS 0x0000000080a00000, 0x0000000080a00000| Untracked 
|  10|0x0000000080a00000, 0x0000000080b00000, 0x0000000080b00000|100%| O|  |TAMS 0x0000000080b00000, 0x0000000080b00000| Untracked 
|  11|0x0000000080b00000, 0x0000000080c00000, 0x0000000080c00000|100%| O|  |TAMS 0x0000000080c00000, 0x0000000080c00000| Untracked 
|  12|0x0000000080c00000, 0x0000000080d00000, 0x0000000080d00000|100%| O|  |TAMS 0x0000000080d00000, 0x0000000080d00000| Untracked 
|  13|0x0000000080d00000, 0x0000000080e00000, 0x0000000080e00000|100%| O|  |TAMS 0x0000000080e00000, 0x0000000080e00000| Untracked 
|  14|0x0000000080e00000, 0x0000000080f00000, 0x0000000080f00000|100%| O|  |TAMS 0x0000000080f00000, 0x0000000080f00000| Untracked 
|  15|0x0000000080f00000, 0x0000000081000000, 0x0000000081000000|100%| O|  |TAMS 0x0000000081000000, 0x0000000081000000| Untracked 
|  16|0x0000000081000000, 0x0000000081100000, 0x0000000081100000|100%| O|  |TAMS 0x0000000081100000, 0x0000000081100000| Untracked 
|  17|0x0000000081100000, 0x0000000081200000, 0x0000000081200000|100%| O|  |TAMS 0x0000000081200000, 0x0000000081200000| Untracked 
|  18|0x0000000081200000, 0x0000000081300000, 0x0000000081300000|100%| O|  |TAMS 0x0000000081300000, 0x0000000081300000| Untracked 
|  19|0x0000000081300000, 0x0000000081400000, 0x0000000081400000|100%| O|  |TAMS 0x0000000081400000, 0x0000000081400000| Untracked 
|  20|0x0000000081400000, 0x0000000081500000, 0x0000000081500000|100%| O|  |TAMS 0x0000000081500000, 0x0000000081500000| Untracked 
|  21|0x0000000081500000, 0x0000000081600000, 0x0000000081600000|100%| O|  |TAMS 0x0000000081600000, 0x0000000081600000| Untracked 
|  22|0x0000000081600000, 0x0000000081700000, 0x0000000081700000|100%| O|  |TAMS 0x0000000081700000, 0x0000000081700000| Untracked 
|  23|0x0000000081700000, 0x0000000081800000, 0x0000000081800000|100%| O|  |TAMS 0x0000000081800000, 0x0000000081800000| Untracked 
|  24|0x0000000081800000, 0x0000000081900000, 0x0000000081900000|100%| O|  |TAMS 0x0000000081900000, 0x0000000081900000| Untracked 
|  25|0x0000000081900000, 0x0000000081a00000, 0x0000000081a00000|100%| O|  |TAMS 0x0000000081a00000, 0x0000000081a00000| Untracked 
|  26|0x0000000081a00000, 0x0000000081b00000, 0x0000000081b00000|100%| O|  |TAMS 0x0000000081b00000, 0x0000000081b00000| Untracked 
|  27|0x0000000081b00000, 0x0000000081c00000, 0x0000000081c00000|100%|HS|  |TAMS 0x0000000081c00000, 0x0000000081c00000| Complete 
|  28|0x0000000081c00000, 0x0000000081d00000, 0x0000000081d00000|100%|HS|  |TAMS 0x0000000081d00000, 0x0000000081d00000| Complete 
|  29|0x0000000081d00000, 0x0000000081e00000, 0x0000000081e00000|100%|HS|  |TAMS 0x0000000081e00000, 0x0000000081e00000| Complete 
|  30|0x0000000081e00000, 0x0000000081f00000, 0x0000000081f00000|100%|HS|  |TAMS 0x0000000081f00000, 0x0000000081f00000| Complete 
|  31|0x0000000081f00000, 0x0000000082000000, 0x0000000082000000|100%|HC|  |TAMS 0x0000000082000000, 0x0000000082000000| Complete 
|  32|0x0000000082000000, 0x0000000082100000, 0x0000000082100000|100%| O|  |TAMS 0x0000000082100000, 0x0000000082100000| Untracked 
|  33|0x0000000082100000, 0x0000000082200000, 0x0000000082200000|100%| O|  |TAMS 0x0000000082200000, 0x0000000082200000| Untracked 
|  34|0x0000000082200000, 0x0000000082300000, 0x0000000082300000|100%|HS|  |TAMS 0x0000000082300000, 0x0000000082300000| Complete 
|  35|0x0000000082300000, 0x0000000082400000, 0x0000000082400000|100%| O|  |TAMS 0x0000000082400000, 0x0000000082400000| Untracked 
|  36|0x0000000082400000, 0x0000000082500000, 0x0000000082500000|100%| O|  |TAMS 0x0000000082500000, 0x0000000082500000| Untracked 
|  37|0x0000000082500000, 0x0000000082600000, 0x0000000082600000|100%| O|  |TAMS 0x0000000082600000, 0x0000000082600000| Untracked 
|  38|0x0000000082600000, 0x0000000082700000, 0x0000000082700000|100%| O|  |TAMS 0x0000000082700000, 0x0000000082700000| Untracked 
|  39|0x0000000082700000, 0x0000000082800000, 0x0000000082800000|100%| O|  |TAMS 0x0000000082800000, 0x0000000082800000| Untracked 
|  40|0x0000000082800000, 0x0000000082900000, 0x0000000082900000|100%| O|  |TAMS 0x0000000082900000, 0x0000000082900000| Untracked 
|  41|0x0000000082900000, 0x0000000082a00000, 0x0000000082a00000|100%| O|  |TAMS 0x0000000082a00000, 0x0000000082a00000| Untracked 
|  42|0x0000000082a00000, 0x0000000082b00000, 0x0000000082b00000|100%| O|  |TAMS 0x0000000082b00000, 0x0000000082b00000| Untracked 
|  43|0x0000000082b00000, 0x0000000082c00000, 0x0000000082c00000|100%| O|  |TAMS 0x0000000082c00000, 0x0000000082c00000| Untracked 
|  44|0x0000000082c00000, 0x0000000082d00000, 0x0000000082d00000|100%| O|  |TAMS 0x0000000082d00000, 0x0000000082d00000| Untracked 
|  45|0x0000000082d00000, 0x0000000082e00000, 0x0000000082e00000|100%| O|  |TAMS 0x0000000082e00000, 0x0000000082e00000| Untracked 
|  46|0x0000000082e00000, 0x0000000082f00000, 0x0000000082f00000|100%| O|  |TAMS 0x0000000082f00000, 0x0000000082f00000| Untracked 
|  47|0x0000000082f00000, 0x0000000083000000, 0x0000000083000000|100%| O|  |TAMS 0x0000000083000000, 0x0000000083000000| Untracked 
|  48|0x0000000083000000, 0x0000000083100000, 0x0000000083100000|100%| O|  |TAMS 0x0000000083100000, 0x0000000083100000| Untracked 
|  49|0x0000000083100000, 0x0000000083200000, 0x0000000083200000|100%| O|  |TAMS 0x0000000083200000, 0x0000000083200000| Untracked 
|  50|0x0000000083200000, 0x0000000083300000, 0x0000000083300000|100%| O|  |TAMS 0x0000000083300000, 0x0000000083300000| Untracked 
|  51|0x0000000083300000, 0x0000000083400000, 0x0000000083400000|100%| O|  |TAMS 0x0000000083400000, 0x0000000083400000| Untracked 
|  52|0x0000000083400000, 0x0000000083500000, 0x0000000083500000|100%| O|  |TAMS 0x0000000083500000, 0x0000000083500000| Untracked 
|  53|0x0000000083500000, 0x0000000083600000, 0x0000000083600000|100%| O|  |TAMS 0x0000000083500000, 0x0000000083600000| Untracked 
|  54|0x0000000083600000, 0x0000000083700000, 0x0000000083700000|100%| O|  |TAMS 0x0000000083700000, 0x0000000083700000| Untracked 
|  55|0x0000000083700000, 0x0000000083800000, 0x0000000083800000|100%| O|  |TAMS 0x0000000083800000, 0x0000000083800000| Untracked 
|  56|0x0000000083800000, 0x0000000083900000, 0x0000000083900000|100%| O|  |TAMS 0x0000000083900000, 0x0000000083900000| Untracked 
|  57|0x0000000083900000, 0x0000000083a00000, 0x0000000083a00000|100%| O|  |TAMS 0x0000000083a00000, 0x0000000083a00000| Untracked 
|  58|0x0000000083a00000, 0x0000000083b00000, 0x0000000083b00000|100%| O|  |TAMS 0x0000000083b00000, 0x0000000083b00000| Untracked 
|  59|0x0000000083b00000, 0x0000000083c00000, 0x0000000083c00000|100%| O|  |TAMS 0x0000000083c00000, 0x0000000083c00000| Untracked 
|  60|0x0000000083c00000, 0x0000000083d00000, 0x0000000083d00000|100%| O|  |TAMS 0x0000000083d00000, 0x0000000083d00000| Untracked 
|  61|0x0000000083d00000, 0x0000000083e00000, 0x0000000083e00000|100%| O|  |TAMS 0x0000000083e00000, 0x0000000083e00000| Untracked 
|  62|0x0000000083e00000, 0x0000000083f00000, 0x0000000083f00000|100%| O|  |TAMS 0x0000000083f00000, 0x0000000083f00000| Untracked 
|  63|0x0000000083f00000, 0x0000000084000000, 0x0000000084000000|100%| O|  |TAMS 0x0000000084000000, 0x0000000084000000| Untracked 
|  64|0x0000000084000000, 0x0000000084100000, 0x0000000084100000|100%| O|  |TAMS 0x0000000084100000, 0x0000000084100000| Untracked 
|  65|0x0000000084100000, 0x0000000084200000, 0x0000000084200000|100%| O|  |TAMS 0x0000000084200000, 0x0000000084200000| Untracked 
|  66|0x0000000084200000, 0x0000000084300000, 0x0000000084300000|100%| O|  |TAMS 0x0000000084300000, 0x0000000084300000| Untracked 
|  67|0x0000000084300000, 0x0000000084400000, 0x0000000084400000|100%| O|  |TAMS 0x0000000084400000, 0x0000000084400000| Untracked 
|  68|0x0000000084400000, 0x0000000084500000, 0x0000000084500000|100%| O|  |TAMS 0x0000000084500000, 0x0000000084500000| Untracked 
|  69|0x0000000084500000, 0x0000000084600000, 0x0000000084600000|100%| O|  |TAMS 0x0000000084600000, 0x0000000084600000| Untracked 
|  70|0x0000000084600000, 0x0000000084700000, 0x0000000084700000|100%| O|  |TAMS 0x0000000084700000, 0x0000000084700000| Untracked 
|  71|0x0000000084700000, 0x0000000084800000, 0x0000000084800000|100%| O|  |TAMS 0x0000000084800000, 0x0000000084800000| Untracked 
|  72|0x0000000084800000, 0x0000000084900000, 0x0000000084900000|100%| O|  |TAMS 0x0000000084900000, 0x0000000084900000| Untracked 
|  73|0x0000000084900000, 0x0000000084a00000, 0x0000000084a00000|100%| O|  |TAMS 0x0000000084a00000, 0x0000000084a00000| Untracked 
|  74|0x0000000084a00000, 0x0000000084b00000, 0x0000000084b00000|100%| O|  |TAMS 0x0000000084b00000, 0x0000000084b00000| Untracked 
|  75|0x0000000084b00000, 0x0000000084c00000, 0x0000000084c00000|100%| O|  |TAMS 0x0000000084c00000, 0x0000000084c00000| Untracked 
|  76|0x0000000084c00000, 0x0000000084d00000, 0x0000000084d00000|100%| O|  |TAMS 0x0000000084d00000, 0x0000000084d00000| Untracked 
|  77|0x0000000084d00000, 0x0000000084e00000, 0x0000000084e00000|100%|HS|  |TAMS 0x0000000084e00000, 0x0000000084e00000| Complete 
|  78|0x0000000084e00000, 0x0000000084f00000, 0x0000000084f00000|100%| O|  |TAMS 0x0000000084e00000, 0x0000000084f00000| Untracked 
|  79|0x0000000084f00000, 0x0000000085000000, 0x0000000085000000|100%| O|  |TAMS 0x0000000084f00000, 0x0000000085000000| Untracked 
|  80|0x0000000085000000, 0x0000000085100000, 0x0000000085100000|100%| O|  |TAMS 0x0000000085100000, 0x0000000085100000| Untracked 
|  81|0x0000000085100000, 0x0000000085200000, 0x0000000085200000|100%| O|  |TAMS 0x0000000085200000, 0x0000000085200000| Untracked 
|  82|0x0000000085200000, 0x0000000085300000, 0x0000000085300000|100%|HS|  |TAMS 0x0000000085300000, 0x0000000085300000| Complete 
|  83|0x0000000085300000, 0x0000000085400000, 0x0000000085400000|100%|HC|  |TAMS 0x0000000085400000, 0x0000000085400000| Complete 
|  84|0x0000000085400000, 0x0000000085500000, 0x0000000085500000|100%| O|  |TAMS 0x0000000085500000, 0x0000000085500000| Untracked 
|  85|0x0000000085500000, 0x0000000085600000, 0x0000000085600000|100%|HS|  |TAMS 0x0000000085600000, 0x0000000085600000| Complete 
|  86|0x0000000085600000, 0x0000000085700000, 0x0000000085700000|100%| O|  |TAMS 0x0000000085700000, 0x0000000085700000| Untracked 
|  87|0x0000000085700000, 0x0000000085800000, 0x0000000085800000|100%| O|  |TAMS 0x0000000085700000, 0x0000000085800000| Untracked 
|  88|0x0000000085800000, 0x0000000085900000, 0x0000000085900000|100%|HS|  |TAMS 0x0000000085900000, 0x0000000085900000| Complete 
|  89|0x0000000085900000, 0x0000000085a00000, 0x0000000085a00000|100%| O|  |TAMS 0x0000000085a00000, 0x0000000085a00000| Untracked 
|  90|0x0000000085a00000, 0x0000000085b00000, 0x0000000085b00000|100%|HS|  |TAMS 0x0000000085b00000, 0x0000000085b00000| Complete 
|  91|0x0000000085b00000, 0x0000000085c00000, 0x0000000085c00000|100%| O|  |TAMS 0x0000000085b00000, 0x0000000085c00000| Untracked 
|  92|0x0000000085c00000, 0x0000000085d00000, 0x0000000085d00000|100%|HS|  |TAMS 0x0000000085d00000, 0x0000000085d00000| Complete 
|  93|0x0000000085d00000, 0x0000000085e00000, 0x0000000085e00000|100%| O|  |TAMS 0x0000000085d00000, 0x0000000085e00000| Untracked 
|  94|0x0000000085e00000, 0x0000000085f00000, 0x0000000085f00000|100%| O|  |TAMS 0x0000000085e00000, 0x0000000085f00000| Untracked 
|  95|0x0000000085f00000, 0x0000000086000000, 0x0000000086000000|100%| O|  |TAMS 0x0000000085f00000, 0x0000000086000000| Untracked 
|  96|0x0000000086000000, 0x0000000086100000, 0x0000000086100000|100%| O|  |TAMS 0x0000000086100000, 0x0000000086100000| Untracked 
|  97|0x0000000086100000, 0x0000000086200000, 0x0000000086200000|100%| O|  |TAMS 0x0000000086200000, 0x0000000086200000| Untracked 
|  98|0x0000000086200000, 0x0000000086300000, 0x0000000086300000|100%| O|  |TAMS 0x0000000086300000, 0x0000000086300000| Untracked 
|  99|0x0000000086300000, 0x0000000086400000, 0x0000000086400000|100%| O|  |TAMS 0x0000000086300000, 0x0000000086400000| Untracked 
| 100|0x0000000086400000, 0x0000000086500000, 0x0000000086500000|100%|HS|  |TAMS 0x0000000086500000, 0x0000000086500000| Complete 
| 101|0x0000000086500000, 0x0000000086600000, 0x0000000086600000|100%|HC|  |TAMS 0x0000000086600000, 0x0000000086600000| Complete 
| 102|0x0000000086600000, 0x0000000086700000, 0x0000000086700000|100%| O|  |TAMS 0x0000000086700000, 0x0000000086700000| Untracked 
| 103|0x0000000086700000, 0x0000000086800000, 0x0000000086800000|100%| O|  |TAMS 0x0000000086800000, 0x0000000086800000| Untracked 
| 104|0x0000000086800000, 0x00000000868e8a00, 0x0000000086900000| 90%| O|  |TAMS 0x0000000086800000, 0x00000000868e8a00| Untracked 
| 105|0x0000000086900000, 0x0000000086a00000, 0x0000000086a00000|100%| O|  |TAMS 0x0000000086a00000, 0x0000000086a00000| Untracked 
| 106|0x0000000086a00000, 0x0000000086b00000, 0x0000000086b00000|100%| O|  |TAMS 0x0000000086b00000, 0x0000000086b00000| Untracked 
| 107|0x0000000086b00000, 0x0000000086c00000, 0x0000000086c00000|100%| O|  |TAMS 0x0000000086c00000, 0x0000000086c00000| Untracked 
| 108|0x0000000086c00000, 0x0000000086d00000, 0x0000000086d00000|100%| O|  |TAMS 0x0000000086d00000, 0x0000000086d00000| Untracked 
| 109|0x0000000086d00000, 0x0000000086e00000, 0x0000000086e00000|100%| O|  |TAMS 0x0000000086e00000, 0x0000000086e00000| Untracked 
| 110|0x0000000086e00000, 0x0000000086f00000, 0x0000000086f00000|100%| O|  |TAMS 0x0000000086e00000, 0x0000000086f00000| Untracked 
| 111|0x0000000086f00000, 0x0000000087000000, 0x0000000087000000|100%| O|  |TAMS 0x0000000086f00000, 0x0000000087000000| Untracked 
| 112|0x0000000087000000, 0x0000000087100000, 0x0000000087100000|100%| O|  |TAMS 0x0000000087000000, 0x0000000087100000| Untracked 
| 113|0x0000000087100000, 0x0000000087200000, 0x0000000087200000|100%| O|  |TAMS 0x0000000087100000, 0x0000000087200000| Untracked 
| 114|0x0000000087200000, 0x0000000087300000, 0x0000000087300000|100%| O|  |TAMS 0x0000000087200000, 0x0000000087300000| Untracked 
| 115|0x0000000087300000, 0x0000000087400000, 0x0000000087400000|100%| O|  |TAMS 0x0000000087300000, 0x0000000087400000| Untracked 
| 116|0x0000000087400000, 0x0000000087500000, 0x0000000087500000|100%| O|  |TAMS 0x0000000087400000, 0x0000000087500000| Untracked 
| 117|0x0000000087500000, 0x0000000087600000, 0x0000000087600000|100%| O|  |TAMS 0x0000000087500000, 0x0000000087600000| Untracked 
| 118|0x0000000087600000, 0x0000000087700000, 0x0000000087700000|100%| O|  |TAMS 0x0000000087600000, 0x0000000087700000| Untracked 
| 119|0x0000000087700000, 0x0000000087800000, 0x0000000087800000|100%| O|  |TAMS 0x0000000087700000, 0x0000000087800000| Untracked 
| 120|0x0000000087800000, 0x0000000087900000, 0x0000000087900000|100%| O|  |TAMS 0x0000000087800000, 0x0000000087900000| Untracked 
| 121|0x0000000087900000, 0x0000000087a00000, 0x0000000087a00000|100%| O|  |TAMS 0x0000000087900000, 0x0000000087a00000| Untracked 
| 122|0x0000000087a00000, 0x0000000087b00000, 0x0000000087b00000|100%| O|  |TAMS 0x0000000087a00000, 0x0000000087b00000| Untracked 
| 123|0x0000000087b00000, 0x0000000087b00000, 0x0000000087c00000|  0%| F|  |TAMS 0x0000000087b00000, 0x0000000087b00000| Untracked 
| 124|0x0000000087c00000, 0x0000000087c00000, 0x0000000087d00000|  0%| F|  |TAMS 0x0000000087c00000, 0x0000000087c00000| Untracked 
| 125|0x0000000087d00000, 0x0000000087d00000, 0x0000000087e00000|  0%| F|  |TAMS 0x0000000087d00000, 0x0000000087d00000| Untracked 
| 126|0x0000000087e00000, 0x0000000087e00000, 0x0000000087f00000|  0%| F|  |TAMS 0x0000000087e00000, 0x0000000087e00000| Untracked 
| 127|0x0000000087f00000, 0x0000000087f00000, 0x0000000088000000|  0%| F|  |TAMS 0x0000000087f00000, 0x0000000087f00000| Untracked 
| 128|0x0000000088000000, 0x0000000088000000, 0x0000000088100000|  0%| F|  |TAMS 0x0000000088000000, 0x0000000088000000| Untracked 
| 129|0x0000000088100000, 0x0000000088100000, 0x0000000088200000|  0%| F|  |TAMS 0x0000000088100000, 0x0000000088100000| Untracked 
| 130|0x0000000088200000, 0x0000000088200000, 0x0000000088300000|  0%| F|  |TAMS 0x0000000088200000, 0x0000000088200000| Untracked 
| 131|0x0000000088300000, 0x0000000088300000, 0x0000000088400000|  0%| F|  |TAMS 0x0000000088300000, 0x0000000088300000| Untracked 
| 132|0x0000000088400000, 0x0000000088400000, 0x0000000088500000|  0%| F|  |TAMS 0x0000000088400000, 0x0000000088400000| Untracked 
| 133|0x0000000088500000, 0x0000000088500000, 0x0000000088600000|  0%| F|  |TAMS 0x0000000088500000, 0x0000000088500000| Untracked 
| 134|0x0000000088600000, 0x0000000088600000, 0x0000000088700000|  0%| F|  |TAMS 0x0000000088600000, 0x0000000088600000| Untracked 
| 135|0x0000000088700000, 0x0000000088700000, 0x0000000088800000|  0%| F|  |TAMS 0x0000000088700000, 0x0000000088700000| Untracked 
| 136|0x0000000088800000, 0x0000000088800000, 0x0000000088900000|  0%| F|  |TAMS 0x0000000088800000, 0x0000000088800000| Untracked 
| 137|0x0000000088900000, 0x0000000088900000, 0x0000000088a00000|  0%| F|  |TAMS 0x0000000088900000, 0x0000000088900000| Untracked 
| 138|0x0000000088a00000, 0x0000000088a00000, 0x0000000088b00000|  0%| F|  |TAMS 0x0000000088a00000, 0x0000000088a00000| Untracked 
| 139|0x0000000088b00000, 0x0000000088b00000, 0x0000000088c00000|  0%| F|  |TAMS 0x0000000088b00000, 0x0000000088b00000| Untracked 
| 140|0x0000000088c00000, 0x0000000088c00000, 0x0000000088d00000|  0%| F|  |TAMS 0x0000000088c00000, 0x0000000088c00000| Untracked 
| 141|0x0000000088d00000, 0x0000000088d00000, 0x0000000088e00000|  0%| F|  |TAMS 0x0000000088d00000, 0x0000000088d00000| Untracked 
| 142|0x0000000088e00000, 0x0000000088e00000, 0x0000000088f00000|  0%| F|  |TAMS 0x0000000088e00000, 0x0000000088e00000| Untracked 
| 143|0x0000000088f00000, 0x0000000088f00000, 0x0000000089000000|  0%| F|  |TAMS 0x0000000088f00000, 0x0000000088f00000| Untracked 
| 144|0x0000000089000000, 0x0000000089100000, 0x0000000089100000|100%| S|CS|TAMS 0x0000000089000000, 0x0000000089000000| Complete 
| 145|0x0000000089100000, 0x0000000089100000, 0x0000000089200000|  0%| F|  |TAMS 0x0000000089100000, 0x0000000089100000| Untracked 
| 146|0x0000000089200000, 0x0000000089200000, 0x0000000089300000|  0%| F|  |TAMS 0x0000000089200000, 0x0000000089200000| Untracked 
| 147|0x0000000089300000, 0x0000000089300000, 0x0000000089400000|  0%| F|  |TAMS 0x0000000089300000, 0x0000000089300000| Untracked 
| 148|0x0000000089400000, 0x0000000089400000, 0x0000000089500000|  0%| F|  |TAMS 0x0000000089400000, 0x0000000089400000| Untracked 
| 149|0x0000000089500000, 0x0000000089500000, 0x0000000089600000|  0%| F|  |TAMS 0x0000000089500000, 0x0000000089500000| Untracked 
| 150|0x0000000089600000, 0x0000000089600000, 0x0000000089700000|  0%| F|  |TAMS 0x0000000089600000, 0x0000000089600000| Untracked 
| 151|0x0000000089700000, 0x0000000089700000, 0x0000000089800000|  0%| F|  |TAMS 0x0000000089700000, 0x0000000089700000| Untracked 

Card table byte_map: [0x00000206fd620000,0x00000206fda20000] _byte_map_base: 0x00000206fd220000

Marking Bits (Prev, Next): (CMBitMap*) 0x00000206f94301c8, (CMBitMap*) 0x00000206f9430200
 Prev Bits: [0x00000206fde20000, 0x00000206ffe20000)
 Next Bits: [0x000002068f000000, 0x0000020691000000)

Polling page: 0x00000206f73c0000

Metaspace:

Usage:
  Non-class:     80.95 MB capacity,    79.53 MB ( 98%) used,     1.13 MB (  1%) free+waste,   295.06 KB ( <1%) overhead. 
      Class:     12.79 MB capacity,    11.90 MB ( 93%) used,   779.29 KB (  6%) free+waste,   132.88 KB (  1%) overhead. 
       Both:     93.74 MB capacity,    91.43 MB ( 98%) used,     1.89 MB (  2%) free+waste,   427.94 KB ( <1%) overhead. 

Virtual space:
  Non-class space:       82.00 MB reserved,      81.04 MB ( 99%) committed 
      Class space:        1.00 GB reserved,      12.82 MB (  1%) committed 
             Both:        1.08 GB reserved,      93.86 MB (  8%) committed 

Chunk freelists:
   Non-Class:  21.00 KB
       Class:  0 bytes
        Both:  21.00 KB

MaxMetaspaceSize: 17179869184.00 GB
CompressedClassSpaceSize: 1.00 GB

CodeHeap 'non-profiled nmethods': size=120000Kb used=7651Kb max_used=7651Kb free=112348Kb
 bounds [0x0000020687ad0000, 0x0000020688250000, 0x000002068f000000]
CodeHeap 'profiled nmethods': size=120000Kb used=30029Kb max_used=30029Kb free=89971Kb
 bounds [0x00000206805a0000, 0x0000020682300000, 0x0000020687ad0000]
CodeHeap 'non-nmethods': size=5760Kb used=2322Kb max_used=2355Kb free=3438Kb
 bounds [0x0000020680000000, 0x0000020680270000, 0x00000206805a0000]
 total_blobs=14238 nmethods=13324 adapters=825
 compilation: enabled
              stopped_count=0, restarted_count=0
 full_count=0

Compilation events (20 events):
Event: 582.140 Thread 0x000002069395a000 nmethod 13620 0x00000206822eec10 code [0x00000206822eeec0, 0x00000206822efa98]
Event: 582.140 Thread 0x000002069395a000 13621       2       com.android.tools.r8.graph.A::a (56 bytes)
Event: 582.141 Thread 0x000002069395a000 nmethod 13621 0x00000206822f0190 code [0x00000206822f03a0, 0x00000206822f0848]
Event: 582.141 Thread 0x000002069395a000 13593       2       com.android.tools.r8.code.F0::<init> (26 bytes)
Event: 582.142 Thread 0x000002069395a000 nmethod 13593 0x00000206822f0a90 code [0x00000206822f0c40, 0x00000206822f0d98]
Event: 582.142 Thread 0x000002069395a000 13551       2       com.android.tools.r8.internal.qK0::l (4 bytes)
Event: 582.142 Thread 0x000002069395a000 nmethod 13551 0x00000206822f0e90 code [0x00000206822f1040, 0x00000206822f1118]
Event: 582.142 Thread 0x000002069395a000 13605       2       com.android.tools.r8.code.O0::hashCode (21 bytes)
Event: 582.142 Thread 0x000002069395a000 nmethod 13605 0x00000206822f1190 code [0x00000206822f1340, 0x00000206822f1488]
Event: 582.142 Thread 0x000002069395a000 13577       2       com.android.tools.r8.code.P0::hashCode (29 bytes)
Event: 582.142 Thread 0x000002069395a000 nmethod 13577 0x00000206822f1510 code [0x00000206822f16c0, 0x00000206822f1808]
Event: 582.142 Thread 0x000002069395a000 13581       2       com.android.tools.r8.code.N0::hashCode (28 bytes)
Event: 582.143 Thread 0x000002069395a000 nmethod 13581 0x00000206822f1890 code [0x00000206822f1a40, 0x00000206822f1b88]
Event: 582.143 Thread 0x000002069395a000 13526       2       com.android.tools.r8.internal.Dp1::d (16 bytes)
Event: 582.143 Thread 0x000002069395a000 nmethod 13526 0x00000206822f1c10 code [0x00000206822f1de0, 0x00000206822f1f58]
Event: 582.143 Thread 0x000002069395a000 13550       2       com.android.tools.r8.graph.g0::<init> (95 bytes)
Event: 582.144 Thread 0x000002069395a000 nmethod 13550 0x00000206822f2010 code [0x00000206822f21e0, 0x00000206822f2628]
Event: 582.144 Thread 0x000002069395a000 13632       2       com.android.tools.r8.dex.r::h (41 bytes)
Event: 582.144 Thread 0x000002069395a000 nmethod 13632 0x00000206822f2790 code [0x00000206822f2960, 0x00000206822f2cb8]
Event: 582.144 Thread 0x000002069395a000 13530       2       com.android.tools.r8.dex.r::b (36 bytes)

GC Heap History (20 events):
Event: 579.816 GC heap after
{Heap after GC invocations=34 (full 0):
 garbage-first heap   total 155648K, used 99203K [0x0000000080000000, 0x0000000100000000)
  region size 1024K, 3 young (3072K), 3 survivors (3072K)
 Metaspace       used 85699K, capacity 87853K, committed 88176K, reserved 1126400K
  class space    used 10932K, capacity 11741K, committed 11852K, reserved 1048576K
}
Event: 580.329 GC heap before
{Heap before GC invocations=35 (full 0):
 garbage-first heap   total 155648K, used 134019K [0x0000000080000000, 0x0000000100000000)
  region size 1024K, 23 young (23552K), 3 survivors (3072K)
 Metaspace       used 87566K, capacity 89881K, committed 89968K, reserved 1128448K
  class space    used 11171K, capacity 12042K, committed 12108K, reserved 1048576K
}
Event: 580.338 GC heap after
{Heap after GC invocations=36 (full 0):
 garbage-first heap   total 155648K, used 99867K [0x0000000080000000, 0x0000000100000000)
  region size 1024K, 1 young (1024K), 1 survivors (1024K)
 Metaspace       used 87566K, capacity 89881K, committed 89968K, reserved 1128448K
  class space    used 11171K, capacity 12042K, committed 12108K, reserved 1048576K
}
Event: 580.376 GC heap before
{Heap before GC invocations=36 (full 0):
 garbage-first heap   total 155648K, used 106011K [0x0000000080000000, 0x0000000100000000)
  region size 1024K, 7 young (7168K), 1 survivors (1024K)
 Metaspace       used 87795K, capacity 90106K, committed 90224K, reserved 1128448K
  class space    used 11204K, capacity 12093K, committed 12108K, reserved 1048576K
}
Event: 580.384 GC heap after
{Heap after GC invocations=37 (full 0):
 garbage-first heap   total 155648K, used 99395K [0x0000000080000000, 0x0000000100000000)
  region size 1024K, 1 young (1024K), 1 survivors (1024K)
 Metaspace       used 87795K, capacity 90106K, committed 90224K, reserved 1128448K
  class space    used 11204K, capacity 12093K, committed 12108K, reserved 1048576K
}
Event: 580.546 GC heap before
{Heap before GC invocations=37 (full 0):
 garbage-first heap   total 155648K, used 119875K [0x0000000080000000, 0x0000000100000000)
  region size 1024K, 23 young (23552K), 1 survivors (1024K)
 Metaspace       used 88300K, capacity 90561K, committed 90864K, reserved 1128448K
  class space    used 11263K, capacity 12135K, committed 12236K, reserved 1048576K
}
Event: 580.552 GC heap after
{Heap after GC invocations=38 (full 0):
 garbage-first heap   total 155648K, used 100623K [0x0000000080000000, 0x0000000100000000)
  region size 1024K, 2 young (2048K), 2 survivors (2048K)
 Metaspace       used 88300K, capacity 90561K, committed 90864K, reserved 1128448K
  class space    used 11263K, capacity 12135K, committed 12236K, reserved 1048576K
}
Event: 581.184 GC heap before
{Heap before GC invocations=39 (full 0):
 garbage-first heap   total 155648K, used 127247K [0x0000000080000000, 0x0000000100000000)
  region size 1024K, 24 young (24576K), 2 survivors (2048K)
 Metaspace       used 91221K, capacity 93513K, committed 93808K, reserved 1130496K
  class space    used 11667K, capacity 12556K, committed 12620K, reserved 1048576K
}
Event: 581.192 GC heap after
{Heap after GC invocations=40 (full 0):
 garbage-first heap   total 155648K, used 107687K [0x0000000080000000, 0x0000000100000000)
  region size 1024K, 3 young (3072K), 3 survivors (3072K)
 Metaspace       used 91221K, capacity 93513K, committed 93808K, reserved 1130496K
  class space    used 11667K, capacity 12556K, committed 12620K, reserved 1048576K
}
Event: 581.295 GC heap before
{Heap before GC invocations=40 (full 0):
 garbage-first heap   total 155648K, used 111783K [0x0000000080000000, 0x0000000100000000)
  region size 1024K, 7 young (7168K), 3 survivors (3072K)
 Metaspace       used 91376K, capacity 93652K, committed 93808K, reserved 1130496K
  class space    used 11684K, capacity 12559K, committed 12620K, reserved 1048576K
}
Event: 581.309 GC heap after
{Heap after GC invocations=41 (full 0):
 garbage-first heap   total 155648K, used 99670K [0x0000000080000000, 0x0000000100000000)
  region size 1024K, 1 young (1024K), 1 survivors (1024K)
 Metaspace       used 91376K, capacity 93652K, committed 93808K, reserved 1130496K
  class space    used 11684K, capacity 12559K, committed 12620K, reserved 1048576K
}
Event: 581.556 GC heap before
{Heap before GC invocations=41 (full 0):
 garbage-first heap   total 155648K, used 120150K [0x0000000080000000, 0x0000000100000000)
  region size 1024K, 22 young (22528K), 1 survivors (1024K)
 Metaspace       used 91394K, capacity 93716K, committed 93808K, reserved 1130496K
  class space    used 11685K, capacity 12559K, committed 12620K, reserved 1048576K
}
Event: 581.580 GC heap after
{Heap after GC invocations=42 (full 0):
 garbage-first heap   total 155648K, used 108519K [0x0000000080000000, 0x0000000100000000)
  region size 1024K, 3 young (3072K), 3 survivors (3072K)
 Metaspace       used 91394K, capacity 93716K, committed 93808K, reserved 1130496K
  class space    used 11685K, capacity 12559K, committed 12620K, reserved 1048576K
}
Event: 581.905 GC heap before
{Heap before GC invocations=42 (full 0):
 garbage-first heap   total 155648K, used 124903K [0x0000000080000000, 0x0000000100000000)
  region size 1024K, 19 young (19456K), 3 survivors (3072K)
 Metaspace       used 93550K, capacity 95925K, committed 96112K, reserved 1132544K
  class space    used 12185K, capacity 13098K, committed 13132K, reserved 1048576K
}
Event: 581.932 GC heap after
{Heap after GC invocations=43 (full 0):
 garbage-first heap   total 155648K, used 114409K [0x0000000080000000, 0x0000000100000000)
  region size 1024K, 3 young (3072K), 3 survivors (3072K)
 Metaspace       used 93550K, capacity 95925K, committed 96112K, reserved 1132544K
  class space    used 12185K, capacity 13098K, committed 13132K, reserved 1048576K
}
Event: 582.043 GC heap before
{Heap before GC invocations=44 (full 0):
 garbage-first heap   total 155648K, used 126697K [0x0000000080000000, 0x0000000100000000)
  region size 1024K, 16 young (16384K), 3 survivors (3072K)
 Metaspace       used 93580K, capacity 95990K, committed 96112K, reserved 1132544K
  class space    used 12185K, capacity 13098K, committed 13132K, reserved 1048576K
}
Event: 582.058 GC heap after
{Heap after GC invocations=45 (full 0):
 garbage-first heap   total 155648K, used 121418K [0x0000000080000000, 0x0000000100000000)
  region size 1024K, 2 young (2048K), 2 survivors (2048K)
 Metaspace       used 93580K, capacity 95990K, committed 96112K, reserved 1132544K
  class space    used 12185K, capacity 13098K, committed 13132K, reserved 1048576K
}
Event: 582.093 GC heap before
{Heap before GC invocations=45 (full 0):
 garbage-first heap   total 155648K, used 125514K [0x0000000080000000, 0x0000000100000000)
  region size 1024K, 7 young (7168K), 2 survivors (2048K)
 Metaspace       used 93597K, capacity 95990K, committed 96112K, reserved 1132544K
  class space    used 12185K, capacity 13098K, committed 13132K, reserved 1048576K
}
Event: 582.104 GC heap after
{Heap after GC invocations=46 (full 0):
 garbage-first heap   total 155648K, used 123215K [0x0000000080000000, 0x0000000100000000)
  region size 1024K, 1 young (1024K), 1 survivors (1024K)
 Metaspace       used 93597K, capacity 95990K, committed 96112K, reserved 1132544K
  class space    used 12185K, capacity 13098K, committed 13132K, reserved 1048576K
}
Event: 582.145 GC heap before
{Heap before GC invocations=46 (full 0):
 garbage-first heap   total 155648K, used 129359K [0x0000000080000000, 0x0000000100000000)
  region size 1024K, 7 young (7168K), 1 survivors (1024K)
 Metaspace       used 93628K, capacity 95993K, committed 96112K, reserved 1132544K
  class space    used 12185K, capacity 13098K, committed 13132K, reserved 1048576K
}

Deoptimization events (20 events):
Event: 581.987 Thread 0x000002069c072000 DEOPT PACKING pc=0x00000206822335b9 sp=0x000000a031ffea60
Event: 581.987 Thread 0x000002069c072000 DEOPT UNPACKING pc=0x0000020680027c0e sp=0x000000a031ffe128 mode 0
Event: 582.002 Thread 0x000002069c073000 Uncommon trap: trap_request=0xffffff4d fr.pc=0x000002068803f290 relative=0x0000000000000350
Event: 582.002 Thread 0x000002069c073000 Uncommon trap: reason=unstable_if action=reinterpret pc=0x000002068803f290 method=java.util.concurrent.ConcurrentLinkedQueue.offer(Ljava/lang/Object;)Z @ 42 c2
Event: 582.002 Thread 0x000002069c073000 DEOPT PACKING pc=0x000002068803f290 sp=0x000000a0320fec80
Event: 582.002 Thread 0x000002069c073000 DEOPT UNPACKING pc=0x00000206800083af sp=0x000000a0320febc8 mode 2
Event: 582.002 Thread 0x000002069c06a000 DEOPT PACKING pc=0x00000206822200c4 sp=0x000000a031dfe360
Event: 582.006 Thread 0x000002069c06a000 DEOPT UNPACKING pc=0x0000020680027c0e sp=0x000000a031dfdf88 mode 0
Event: 582.020 Thread 0x000002069c06a000 DEOPT PACKING pc=0x00000206822335b9 sp=0x000000a031dfe740
Event: 582.020 Thread 0x000002069c06a000 DEOPT UNPACKING pc=0x0000020680027c0e sp=0x000000a031dfde08 mode 0
Event: 582.023 Thread 0x000002069c069000 DEOPT PACKING pc=0x00000206822200c4 sp=0x000000a031bfe520
Event: 582.023 Thread 0x000002069c069000 DEOPT UNPACKING pc=0x0000020680027c0e sp=0x000000a031bfe148 mode 0
Event: 582.042 Thread 0x000002069c06e800 DEOPT PACKING pc=0x0000020682197894 sp=0x000000a031afe5d0
Event: 582.042 Thread 0x000002069c06e800 DEOPT UNPACKING pc=0x0000020680027c0e sp=0x000000a031afda80 mode 0
Event: 582.108 Thread 0x000002069c072000 DEOPT PACKING pc=0x00000206822bce08 sp=0x000000a031ffed20
Event: 582.108 Thread 0x000002069c072000 DEOPT UNPACKING pc=0x0000020680027c0e sp=0x000000a031ffe358 mode 0
Event: 582.113 Thread 0x000002069c06f800 DEOPT PACKING pc=0x00000206822bce08 sp=0x000000a031cfedf0
Event: 582.113 Thread 0x000002069c06f800 DEOPT UNPACKING pc=0x0000020680027c0e sp=0x000000a031cfe428 mode 0
Event: 582.120 Thread 0x000002069c072000 DEOPT PACKING pc=0x00000206822bce08 sp=0x000000a031ffed20
Event: 582.120 Thread 0x000002069c072000 DEOPT UNPACKING pc=0x0000020680027c0e sp=0x000000a031ffe358 mode 0

Classes redefined (0 events):
No events

Internal exceptions (20 events):
Event: 578.110 Thread 0x0000020696ea7000 Exception <a 'sun/nio/fs/WindowsException'{0x0000000086d63258}> (0x0000000086d63258) thrown at [./src/hotspot/share/prims/jni.cpp, line 615]
Event: 578.110 Thread 0x0000020696ea7000 Exception <a 'sun/nio/fs/WindowsException'{0x0000000086d64620}> (0x0000000086d64620) thrown at [./src/hotspot/share/prims/jni.cpp, line 615]
Event: 579.085 Thread 0x000002069662b800 Implicit null exception at 0x0000020687dbe004 to 0x0000020687dbe1fc
Event: 580.060 Thread 0x000002069662b800 Exception <a 'java/lang/NoSuchMethodError'{0x0000000089445cf8}: <clinit>> (0x0000000089445cf8) thrown at [./src/hotspot/share/prims/jni.cpp, line 1362]
Event: 580.068 Thread 0x000002069662b800 Exception <a 'java/lang/NoSuchMethodError'{0x000000008946e6c0}: <clinit>> (0x000000008946e6c0) thrown at [./src/hotspot/share/prims/jni.cpp, line 1362]
Event: 580.218 Thread 0x000002069662f800 Exception <a 'java/lang/NoSuchMethodError'{0x0000000088962000}: 'void java.lang.invoke.DirectMethodHandle$Holder.invokeStatic(java.lang.Object, java.lang.Object, java.lang.Object, java.lang.Object, java.lang.Object, java.lang.Object, java.lang.Object)'> (0x0000000088962000) thrown at [./src/hotspot/share/interpreter/linkResolver.cpp, line 773]
Event: 580.262 Thread 0x0000020696630800 Exception <a 'java/lang/NoSuchMethodError'{0x00000000887d4ce0}: 'java.lang.Object java.lang.invoke.DirectMethodHandle$Holder.invokeSpecial(java.lang.Object, java.lang.Object, int, int, int, int, int, java.lang.Object)'> (0x00000000887d4ce0) thrown at [./src/hotspot/share/interpreter/linkResolver.cpp, line 773]
Event: 580.262 Thread 0x0000020696630800 Exception <a 'java/lang/NoSuchMethodError'{0x00000000887d9880}: 'java.lang.Object java.lang.invoke.DelegatingMethodHandle$Holder.reinvoke_L(java.lang.Object, int, int, int, int, int, java.lang.Object)'> (0x00000000887d9880) thrown at [./src/hotspot/share/interpreter/linkResolver.cpp, line 773]
Event: 580.264 Thread 0x0000020696630800 Exception <a 'java/lang/NoSuchMethodError'{0x00000000887ee970}: 'java.lang.Object java.lang.invoke.DirectMethodHandle$Holder.invokeStatic(java.lang.Object, java.lang.Object, java.lang.Object, java.lang.Object, java.lang.Object, int)'> (0x00000000887ee970) thrown at [./src/hotspot/share/interpreter/linkResolver.cpp, line 773]
Event: 580.352 Thread 0x0000020696ead000 Exception <a 'java/lang/NoSuchMethodError'{0x0000000089408018}: <clinit>> (0x0000000089408018) thrown at [./src/hotspot/share/prims/jni.cpp, line 1362]
Event: 580.355 Thread 0x0000020696ead000 Exception <a 'java/lang/NoSuchMethodError'{0x000000008944c938}: <clinit>> (0x000000008944c938) thrown at [./src/hotspot/share/prims/jni.cpp, line 1362]
Event: 580.805 Thread 0x000002069c06d000 Exception <a 'sun/nio/fs/WindowsException'{0x00000000891a6af8}> (0x00000000891a6af8) thrown at [./src/hotspot/share/prims/jni.cpp, line 615]
Event: 581.096 Thread 0x000002069c06d000 Exception <a 'java/lang/NoSuchMethodError'{0x0000000088ad0878}: 'java.lang.Object java.lang.invoke.DirectMethodHandle$Holder.invokeStaticInit(java.lang.Object, java.lang.Object, java.lang.Object, java.lang.Object, java.lang.Object, java.lang.Object, java.lang.Object, java.lang.Object, java.lang.Object, java.lang.Object, java.lang.Object, java.lang.Object, java.lang.Object, java.lang.Object, java.lang.Object, java.lang.Object, java.lang.Object, java.lang.Object, int, java.lang.Object, java.lang.Object)'> (0
Event: 581.593 Thread 0x000002069c06f800 Exception <a 'java/lang/IncompatibleClassChangeError'{0x00000000897c3388}: Found class java.lang.Object, but interface was expected> (0x00000000897c3388) thrown at [./src/hotspot/share/interpreter/linkResolver.cpp, line 839]
Event: 581.638 Thread 0x000002069c072000 Exception <a 'java/lang/NoSuchMethodError'{0x0000000089571ea8}: 'java.lang.Object java.lang.invoke.DirectMethodHandle$Holder.newInvokeSpecial(java.lang.Object, int)'> (0x0000000089571ea8) thrown at [./src/hotspot/share/interpreter/linkResolver.cpp, line 773]
Event: 581.752 Thread 0x000002069c06e800 Exception <a 'java/lang/IncompatibleClassChangeError'{0x0000000089293090}: Found class java.lang.Object, but interface was expected> (0x0000000089293090) thrown at [./src/hotspot/share/interpreter/linkResolver.cpp, line 839]
Event: 581.752 Thread 0x000002069c071000 Exception <a 'java/lang/IncompatibleClassChangeError'{0x00000000892853e0}: Found class java.lang.Object, but interface was expected> (0x00000000892853e0) thrown at [./src/hotspot/share/interpreter/linkResolver.cpp, line 839]
Event: 581.753 Thread 0x000002069c070800 Exception <a 'java/lang/IncompatibleClassChangeError'{0x00000000892adb08}: Found class java.lang.Object, but interface was expected> (0x00000000892adb08) thrown at [./src/hotspot/share/interpreter/linkResolver.cpp, line 839]
Event: 581.753 Thread 0x000002069c06a000 Exception <a 'java/lang/IncompatibleClassChangeError'{0x00000000892ae218}: Found class java.lang.Object, but interface was expected> (0x00000000892ae218) thrown at [./src/hotspot/share/interpreter/linkResolver.cpp, line 839]
Event: 581.753 Thread 0x000002069c06e800 Exception <a 'java/lang/IncompatibleClassChangeError'{0x000000008929e978}: Found class java.lang.Object, but interface was expected> (0x000000008929e978) thrown at [./src/hotspot/share/interpreter/linkResolver.cpp, line 839]

Events (20 events):
Event: 581.821 loading class com/android/tools/r8/internal/bc1 done
Event: 581.821 loading class com/android/tools/r8/graph/P0
Event: 581.821 loading class com/android/tools/r8/graph/P0 done
Event: 581.822 loading class com/android/tools/r8/graph/D2
Event: 581.822 loading class com/android/tools/r8/graph/D2 done
Event: 581.822 loading class com/android/tools/r8/internal/Zb1
Event: 581.822 loading class com/android/tools/r8/internal/Zb1 done
Event: 581.822 loading class com/android/tools/r8/internal/ec1
Event: 581.822 loading class com/android/tools/r8/internal/ec1 done
Event: 581.827 loading class com/android/tools/r8/internal/HP0
Event: 581.827 loading class com/android/tools/r8/internal/HP0 done
Event: 581.904 Executing VM operation: G1CollectForAllocation
Event: 581.932 Executing VM operation: G1CollectForAllocation done
Event: 581.947 Executing VM operation: CGC_Operation
Event: 581.948 Executing VM operation: CGC_Operation done
Event: 582.043 Executing VM operation: G1CollectForAllocation
Event: 582.058 Executing VM operation: G1CollectForAllocation done
Event: 582.093 Executing VM operation: G1CollectForAllocation
Event: 582.104 Executing VM operation: G1CollectForAllocation done
Event: 582.145 Executing VM operation: G1CollectForAllocation


Dynamic libraries:
0x00007ff6e81f0000 - 0x00007ff6e81fa000 	C:\Program Files\Android\Android Studio\jre\bin\java.exe
0x00007ffc9cfc0000 - 0x00007ffc9d1c9000 	C:\WINDOWS\SYSTEM32\ntdll.dll
0x00007ffc9bd90000 - 0x00007ffc9be4d000 	C:\WINDOWS\System32\KERNEL32.DLL
0x00007ffc9a8d0000 - 0x00007ffc9ac44000 	C:\WINDOWS\System32\KERNELBASE.dll
0x00007ffc9a5d0000 - 0x00007ffc9a6e1000 	C:\WINDOWS\System32\ucrtbase.dll
0x00007ffc68850000 - 0x00007ffc68869000 	C:\Program Files\Android\Android Studio\jre\bin\jli.dll
0x00007ffc9b7c0000 - 0x00007ffc9b96c000 	C:\WINDOWS\System32\USER32.dll
0x00007ffc9ad70000 - 0x00007ffc9ad96000 	C:\WINDOWS\System32\win32u.dll
0x00007ffc9b560000 - 0x00007ffc9b589000 	C:\WINDOWS\System32\GDI32.dll
0x00007ffc9a4b0000 - 0x00007ffc9a5c2000 	C:\WINDOWS\System32\gdi32full.dll
0x00007ffc9acd0000 - 0x00007ffc9ad6d000 	C:\WINDOWS\System32\msvcp_win.dll
0x00007ffc67af0000 - 0x00007ffc67b07000 	C:\Program Files\Android\Android Studio\jre\bin\VCRUNTIME140.dll
0x00007ffc7bde0000 - 0x00007ffc7c085000 	C:\WINDOWS\WinSxS\amd64_microsoft.windows.common-controls_6595b64144ccf1df_6.0.22000.120_none_9d947278b86cc467\COMCTL32.dll
0x00007ffc9b9b0000 - 0x00007ffc9ba53000 	C:\WINDOWS\System32\msvcrt.dll
0x00007ffc9b970000 - 0x00007ffc9b9a1000 	C:\WINDOWS\System32\IMM32.DLL
0x00007ffc60770000 - 0x00007ffc6080d000 	C:\Program Files\Android\Android Studio\jre\bin\msvcp140.dll
0x00007ffc4aec0000 - 0x00007ffc4b995000 	C:\Program Files\Android\Android Studio\jre\bin\server\jvm.dll
0x00007ffc9c1c0000 - 0x00007ffc9c26e000 	C:\WINDOWS\System32\ADVAPI32.dll
0x00007ffc9b700000 - 0x00007ffc9b79e000 	C:\WINDOWS\System32\sechost.dll
0x00007ffc9cad0000 - 0x00007ffc9cbf0000 	C:\WINDOWS\System32\RPCRT4.dll
0x00007ffc96890000 - 0x00007ffc96899000 	C:\WINDOWS\SYSTEM32\WSOCK32.dll
0x00007ffc9c150000 - 0x00007ffc9c1bf000 	C:\WINDOWS\System32\WS2_32.dll
0x00007ffc94970000 - 0x00007ffc949a3000 	C:\WINDOWS\SYSTEM32\WINMM.dll
0x00007ffc93d60000 - 0x00007ffc93d6a000 	C:\WINDOWS\SYSTEM32\VERSION.dll
0x00007ffc9b6f0000 - 0x00007ffc9b6f8000 	C:\WINDOWS\System32\PSAPI.DLL
0x00007ffc996a0000 - 0x00007ffc996b8000 	C:\WINDOWS\SYSTEM32\kernel.appcore.dll
0x00007ffc967b0000 - 0x00007ffc967c1000 	C:\Program Files\Android\Android Studio\jre\bin\verify.dll
0x00007ffc97a60000 - 0x00007ffc97c81000 	C:\WINDOWS\SYSTEM32\DBGHELP.DLL
0x00007ffc7c770000 - 0x00007ffc7c7a1000 	C:\WINDOWS\SYSTEM32\dbgcore.DLL
0x00007ffc9ac50000 - 0x00007ffc9accf000 	C:\WINDOWS\System32\bcryptPrimitives.dll
0x00007ffc7f6a0000 - 0x00007ffc7f6c9000 	C:\Program Files\Android\Android Studio\jre\bin\java.dll
0x00007ffc96850000 - 0x00007ffc9685b000 	C:\Program Files\Android\Android Studio\jre\bin\jimage.dll
0x00007ffc7f4e0000 - 0x00007ffc7f4f8000 	C:\Program Files\Android\Android Studio\jre\bin\zip.dll
0x00007ffc9c270000 - 0x00007ffc9ca1f000 	C:\WINDOWS\System32\SHELL32.dll
0x00007ffc98620000 - 0x00007ffc98e88000 	C:\WINDOWS\SYSTEM32\windows.storage.dll
0x00007ffc9cbf0000 - 0x00007ffc9cf68000 	C:\WINDOWS\System32\combase.dll
0x00007ffc984b0000 - 0x00007ffc98616000 	C:\WINDOWS\SYSTEM32\wintypes.dll
0x00007ffc9bec0000 - 0x00007ffc9bfaa000 	C:\WINDOWS\System32\SHCORE.dll
0x00007ffc9ba60000 - 0x00007ffc9babd000 	C:\WINDOWS\System32\shlwapi.dll
0x00007ffc9a3e0000 - 0x00007ffc9a401000 	C:\WINDOWS\SYSTEM32\profapi.dll
0x00007ffc7f3a0000 - 0x00007ffc7f3ba000 	C:\Program Files\Android\Android Studio\jre\bin\net.dll
0x00007ffc95c00000 - 0x00007ffc95d0c000 	C:\WINDOWS\SYSTEM32\WINHTTP.dll
0x00007ffc99ad0000 - 0x00007ffc99b37000 	C:\WINDOWS\system32\mswsock.dll
0x00007ffc7f380000 - 0x00007ffc7f394000 	C:\Program Files\Android\Android Studio\jre\bin\nio.dll
0x00007ffc68f20000 - 0x00007ffc68f47000 	C:\Users\majma\.gradle\native\e1d6ef7f7dcc3fd88c89a11ec53ec762bb8ba0a96d01ffa2cd45eb1d1d8dd5c5\windows-amd64\native-platform.dll
0x00007ffc4bec0000 - 0x00007ffc4c004000 	C:\Users\majma\.gradle\native\5664cfc778a61ccfe75a443a1ab52a65af34e5dc3c78e0209fed803814484fcb\windows-amd64\native-platform-file-events.dll
0x00007ffc953d0000 - 0x00007ffc953da000 	C:\Program Files\Android\Android Studio\jre\bin\management.dll
0x00007ffc95390000 - 0x00007ffc9539d000 	C:\Program Files\Android\Android Studio\jre\bin\management_ext.dll
0x00007ffc99d20000 - 0x00007ffc99d38000 	C:\WINDOWS\SYSTEM32\CRYPTSP.dll
0x00007ffc99600000 - 0x00007ffc99635000 	C:\WINDOWS\system32\rsaenh.dll
0x00007ffc99bc0000 - 0x00007ffc99be9000 	C:\WINDOWS\SYSTEM32\USERENV.dll
0x00007ffc99e90000 - 0x00007ffc99eb7000 	C:\WINDOWS\SYSTEM32\bcrypt.dll
0x00007ffc99d10000 - 0x00007ffc99d1c000 	C:\WINDOWS\SYSTEM32\CRYPTBASE.dll
0x00007ffc99150000 - 0x00007ffc9917d000 	C:\WINDOWS\SYSTEM32\IPHLPAPI.DLL
0x00007ffc9b7b0000 - 0x00007ffc9b7b9000 	C:\WINDOWS\System32\NSI.dll
0x00007ffc949c0000 - 0x00007ffc949d9000 	C:\WINDOWS\SYSTEM32\dhcpcsvc6.DLL
0x00007ffc94d00000 - 0x00007ffc94d1e000 	C:\WINDOWS\SYSTEM32\dhcpcsvc.DLL
0x00007ffc99180000 - 0x00007ffc99268000 	C:\WINDOWS\SYSTEM32\DNSAPI.dll
0x00007ffc97f70000 - 0x00007ffc97fa4000 	C:\WINDOWS\SYSTEM32\ntmarta.dll

dbghelp: loaded successfully - version: 4.0.5 - missing functions: none
symbol engine: initialized successfully - sym options: 0x614 - pdb path: .;C:\Program Files\Android\Android Studio\jre\bin;C:\WINDOWS\SYSTEM32;C:\WINDOWS\WinSxS\amd64_microsoft.windows.common-controls_6595b64144ccf1df_6.0.22000.120_none_9d947278b86cc467;C:\Program Files\Android\Android Studio\jre\bin\server;C:\Users\majma\.gradle\native\e1d6ef7f7dcc3fd88c89a11ec53ec762bb8ba0a96d01ffa2cd45eb1d1d8dd5c5\windows-amd64;C:\Users\majma\.gradle\native\5664cfc778a61ccfe75a443a1ab52a65af34e5dc3c78e0209fed803814484fcb\windows-amd64

VM Arguments:
jvm_args: --add-opens=java.base/java.util=ALL-UNNAMED --add-opens=java.base/java.lang=ALL-UNNAMED --add-opens=java.base/java.lang.invoke=ALL-UNNAMED --add-opens=java.base/java.util=ALL-UNNAMED --add-opens=java.prefs/java.util.prefs=ALL-UNNAMED --add-opens=java.prefs/java.util.prefs=ALL-UNNAMED --add-opens=java.base/java.nio.charset=ALL-UNNAMED --add-opens=java.base/java.net=ALL-UNNAMED --add-opens=java.base/java.util.concurrent.atomic=ALL-UNNAMED -Xmx2048m -Dfile.encoding=UTF-8 -Duser.country=US -Duser.language=en -Duser.variant 
java_command: org.gradle.launcher.daemon.bootstrap.GradleDaemon 7.2
java_class_path (initial): C:\Users\majma\.gradle\wrapper\dists\gradle-7.2-bin\2dnblmf4td7x66yl1d74lt32g\gradle-7.2\lib\gradle-launcher-7.2.jar
Launcher Type: SUN_STANDARD

[Global flags]
     intx CICompilerCount                          = 4                                         {product} {ergonomic}
     uint ConcGCThreads                            = 2                                         {product} {ergonomic}
     uint G1ConcRefinementThreads                  = 8                                         {product} {ergonomic}
   size_t G1HeapRegionSize                         = 1048576                                   {product} {ergonomic}
    uintx GCDrainStackTargetSize                   = 64                                        {product} {ergonomic}
   size_t InitialHeapSize                          = 132120576                                 {product} {ergonomic}
   size_t MarkStackSize                            = 4194304                                   {product} {ergonomic}
   size_t MaxHeapSize                              = 2147483648                                {product} {command line}
   size_t MaxNewSize                               = 1287651328                                {product} {ergonomic}
   size_t MinHeapDeltaBytes                        = 1048576                                   {product} {ergonomic}
    uintx NonNMethodCodeHeapSize                   = 5836300                                {pd product} {ergonomic}
    uintx NonProfiledCodeHeapSize                  = 122910970                              {pd product} {ergonomic}
    uintx ProfiledCodeHeapSize                     = 122910970                              {pd product} {ergonomic}
    uintx ReservedCodeCacheSize                    = 251658240                              {pd product} {ergonomic}
     bool SegmentedCodeCache                       = true                                      {product} {ergonomic}
     bool UseCompressedClassPointers               = true                                 {lp64_product} {ergonomic}
     bool UseCompressedOops                        = true                                 {lp64_product} {ergonomic}
     bool UseG1GC                                  = true                                      {product} {ergonomic}
     bool UseLargePagesIndividualAllocation        = false                                  {pd product} {ergonomic}

Logging:
Log output configuration:
 #0: stdout all=warning uptime,level,tags
 #1: stderr all=off uptime,level,tags

Environment Variables:
PATH=C:\Program Files\Common Files\Oracle\Java\javapath;C:\WINDOWS\system32;C:\WINDOWS;C:\WINDOWS\System32\Wbem;C:\WINDOWS\System32\WindowsPowerShell\v1.0\;C:\WINDOWS\System32\OpenSSH\;C:\Program Files\Java\jdk-17.0.2\bin;C:\Program Files\Git\cmd;C:\Users\majma\AppData\Local\Microsoft\WindowsApps;C:\Users\majma\AppData\Local\Programs\Microsoft VS Code\bin
USERNAME=majma
OS=Windows_NT
PROCESSOR_IDENTIFIER=Intel64 Family 6 Model 140 Stepping 1, GenuineIntel



---------------  S Y S T E M  ---------------

OS: Windows 10 , 64 bit Build 22000 (10.0.22000.613)
OS uptime: 3 days 15:56 hours

CPU:total 8 (initial active 8) (4 cores per cpu, 2 threads per core) family 6 model 140 stepping 1 microcode 0x86, cmov, cx8, fxsr, mmx, sse, sse2, sse3, ssse3, sse4.1, sse4.2, popcnt, avx, avx2, aes, clmul, erms, 3dnowpref, lzcnt, ht, tsc, tscinvbit, bmi1, bmi2, adx, evex, sha, fma

Memory: 4k page, system-wide physical 7959M (310M free)
TotalPageFile size 10959M (AvailPageFile size 33M)
current process WorkingSet (physical memory assigned to process): 352M, peak: 414M
current process commit charge ("private bytes"): 464M, peak: 571M

vm_info: OpenJDK 64-Bit Server VM (11.0.11+9-b60-7590822) for windows-amd64 JRE (11.0.11+9-b60-7590822), built on Jul 29 2021 21:43:44 by "builder" with MS VC++ 14.0 (VS2015)

END.
