#
# There is insufficient memory for the Java Runtime Environment to continue.
# Native memory allocation (malloc) failed to allocate 1204496 bytes for Chunk::new
# Possible reasons:
#   The system is out of physical RAM or swap space
#   The process is running with CompressedOops enabled, and the Java Heap may be blocking the growth of the native heap
# Possible solutions:
#   Reduce memory load on the system
#   Increase physical memory or swap space
#   Check if swap backing store is full
#   Decrease Java heap size (-Xmx/-Xms)
#   Decrease number of Java threads
#   Decrease Java thread stack sizes (-Xss)
#   Set larger code cache with -XX:ReservedCodeCacheSize=
#   JVM is running with Unscaled Compressed Oops mode in which the Java heap is
#     placed in the first 4GB address space. The Java Heap base address is the
#     maximum limit for the native heap growth. Please use -XX:HeapBaseMinAddress
#     to set the Java Heap base and to place the Java Heap above 4GB virtual address.
# This output file may be truncated or incomplete.
#
#  Out of Memory Error (./src/hotspot/share/memory/arena.cpp:197), pid=7948, tid=2524
#
# JRE version: OpenJDK Runtime Environment (11.0.11+9) (build 11.0.11+9-b60-7590822)
# Java VM: OpenJDK 64-Bit Server VM (11.0.11+9-b60-7590822, mixed mode, tiered, compressed oops, g1 gc, windows-amd64)
# No core dump will be written. Minidumps are not enabled by default on client versions of Windows
#

---------------  S U M M A R Y ------------

Command Line: --add-opens=java.base/java.util=ALL-UNNAMED --add-opens=java.base/java.lang=ALL-UNNAMED --add-opens=java.base/java.lang.invoke=ALL-UNNAMED --add-opens=java.base/java.util=ALL-UNNAMED --add-opens=java.prefs/java.util.prefs=ALL-UNNAMED --add-opens=java.prefs/java.util.prefs=ALL-UNNAMED --add-opens=java.base/java.nio.charset=ALL-UNNAMED --add-opens=java.base/java.net=ALL-UNNAMED --add-opens=java.base/java.util.concurrent.atomic=ALL-UNNAMED -Xmx2048m -Dfile.encoding=UTF-8 -Duser.country=US -Duser.language=en -Duser.variant org.gradle.launcher.daemon.bootstrap.GradleDaemon 7.2

Host: 11th Gen Intel(R) Core(TM) i5-1135G7 @ 2.40GHz, 8 cores, 7G,  Windows 10 , 64 bit Build 22000 (10.0.22000.613)
Time: Sun Apr 24 14:52:47 2022 Pakistan Standard Time elapsed time: 1.939382 seconds (0d 0h 0m 1s)

---------------  T H R E A D  ---------------

Current thread (0x000001fb2708c000):  JavaThread "C2 CompilerThread0" daemon [_thread_in_native, id=2524, stack(0x0000001532500000,0x0000001532600000)]


Current CompileTask:
C2:   1939 1933   !   4       java.lang.ClassLoader::loadClass (122 bytes)

Stack: [0x0000001532500000,0x0000001532600000]
Native frames: (J=compiled Java code, j=interpreted, Vv=VM code, C=native code)
V  [jvm.dll+0x5f214a]
V  [jvm.dll+0x726fb5]
V  [jvm.dll+0x7285cd]
V  [jvm.dll+0x728c83]
V  [jvm.dll+0x243278]
V  [jvm.dll+0xbc53c]
V  [jvm.dll+0xbca3c]
V  [jvm.dll+0x353e7d]
V  [jvm.dll+0x19875c]
V  [jvm.dll+0x1fc2ee]
V  [jvm.dll+0x1fb3d4]
V  [jvm.dll+0x183d6c]
V  [jvm.dll+0x209a57]
V  [jvm.dll+0x2082a1]
V  [jvm.dll+0x6ef58f]
V  [jvm.dll+0x6e80b5]
V  [jvm.dll+0x5f1036]
C  [ucrtbase.dll+0x26c0c]
C  [KERNEL32.DLL+0x154e0]
C  [ntdll.dll+0x485b]


---------------  P R O C E S S  ---------------

Threads class SMR info:
_java_thread_list=0x000001fb29080a80, length=24, elements={
0x000001fb0a28e000, 0x000001fb266c8000, 0x000001fb266d1000, 0x000001fb27086800,
0x000001fb27087800, 0x000001fb27089000, 0x000001fb2708c000, 0x000001fb2708f000,
0x000001fb266e0000, 0x000001fb271e1800, 0x000001fb28f31000, 0x000001fb29d66800,
0x000001fb29dd4000, 0x000001fb2a13c000, 0x000001fb272b4000, 0x000001fb29033000,
0x000001fb2a412800, 0x000001fb2896a000, 0x000001fb2a5b8000, 0x000001fb2a426000,
0x000001fb2a33a800, 0x000001fb2a422800, 0x000001fb2a423800, 0x000001fb2a424000
}

Java Threads: ( => current thread )
  0x000001fb0a28e000 JavaThread "main" [_thread_blocked, id=5252, stack(0x0000001531900000,0x0000001531a00000)]
  0x000001fb266c8000 JavaThread "Reference Handler" daemon [_thread_blocked, id=5356, stack(0x0000001532000000,0x0000001532100000)]
  0x000001fb266d1000 JavaThread "Finalizer" daemon [_thread_blocked, id=8916, stack(0x0000001532100000,0x0000001532200000)]
  0x000001fb27086800 JavaThread "Signal Dispatcher" daemon [_thread_blocked, id=11592, stack(0x0000001532200000,0x0000001532300000)]
  0x000001fb27087800 JavaThread "Attach Listener" daemon [_thread_blocked, id=5920, stack(0x0000001532300000,0x0000001532400000)]
  0x000001fb27089000 JavaThread "Service Thread" daemon [_thread_blocked, id=7736, stack(0x0000001532400000,0x0000001532500000)]
=>0x000001fb2708c000 JavaThread "C2 CompilerThread0" daemon [_thread_in_native, id=2524, stack(0x0000001532500000,0x0000001532600000)]
  0x000001fb2708f000 JavaThread "C1 CompilerThread0" daemon [_thread_in_native, id=9632, stack(0x0000001532600000,0x0000001532700000)]
  0x000001fb266e0000 JavaThread "Sweeper thread" daemon [_thread_blocked, id=17316, stack(0x0000001532700000,0x0000001532800000)]
  0x000001fb271e1800 JavaThread "Common-Cleaner" daemon [_thread_blocked, id=17512, stack(0x0000001532800000,0x0000001532900000)]
  0x000001fb28f31000 JavaThread "Daemon health stats" [_thread_blocked, id=6852, stack(0x0000001532e00000,0x0000001532f00000)]
  0x000001fb29d66800 JavaThread "Incoming local TCP Connector on port 60106" [_thread_in_native, id=16456, stack(0x0000001532a00000,0x0000001532b00000)]
  0x000001fb29dd4000 JavaThread "Daemon periodic checks" [_thread_blocked, id=7868, stack(0x0000001532d00000,0x0000001532e00000)]
  0x000001fb2a13c000 JavaThread "Daemon" [_thread_blocked, id=21776, stack(0x0000001532f00000,0x0000001533000000)]
  0x000001fb272b4000 JavaThread "Handler for socket connection from /127.0.0.1:60106 to /127.0.0.1:60107" [_thread_in_native, id=3068, stack(0x0000001533000000,0x0000001533100000)]
  0x000001fb29033000 JavaThread "Cancel handler" [_thread_blocked, id=23076, stack(0x0000001533100000,0x0000001533200000)]
  0x000001fb2a412800 JavaThread "Daemon worker" [_thread_in_Java, id=19620, stack(0x0000001533200000,0x0000001533300000)]
  0x000001fb2896a000 JavaThread "Asynchronous log dispatcher for DefaultDaemonConnection: socket connection from /127.0.0.1:60106 to /127.0.0.1:60107" [_thread_blocked, id=14676, stack(0x0000001533300000,0x0000001533400000)]
  0x000001fb2a5b8000 JavaThread "Stdin handler" [_thread_blocked, id=12268, stack(0x0000001533400000,0x0000001533500000)]
  0x000001fb2a426000 JavaThread "Daemon client event forwarder" [_thread_blocked, id=10136, stack(0x0000001533500000,0x0000001533600000)]
  0x000001fb2a33a800 JavaThread "C2 CompilerThread1" daemon [_thread_in_native, id=7064, stack(0x0000001533600000,0x0000001533700000)]
  0x000001fb2a422800 JavaThread "Cache worker for journal cache (C:\Users\majma\.gradle\caches\journal-1)" [_thread_blocked, id=18852, stack(0x0000001533c00000,0x0000001533d00000)]
  0x000001fb2a423800 JavaThread "File lock request listener" [_thread_in_native, id=12256, stack(0x0000001533d00000,0x0000001533e00000)]
  0x000001fb2a424000 JavaThread "Cache worker for file hash cache (C:\Users\majma\.gradle\caches\7.2\fileHashes)" [_thread_blocked, id=15428, stack(0x0000001533e00000,0x0000001533f00000)]

Other Threads:
  0x000001fb266c4000 VMThread "VM Thread" [stack: 0x0000001531f00000,0x0000001532000000] [id=8148]
  0x000001fb27219000 WatcherThread [stack: 0x0000001532900000,0x0000001532a00000] [id=14376]
  0x000001fb0a2a7800 GCTaskThread "GC Thread#0" [stack: 0x0000001531a00000,0x0000001531b00000] [id=19816]
  0x000001fb27e7d800 GCTaskThread "GC Thread#1" [stack: 0x0000001532b00000,0x0000001532c00000] [id=7808]
  0x000001fb281f2000 GCTaskThread "GC Thread#2" [stack: 0x0000001532c00000,0x0000001532d00000] [id=1856]
  0x000001fb2901d000 GCTaskThread "GC Thread#3" [stack: 0x0000001533700000,0x0000001533800000] [id=23296]
  0x000001fb2901d800 GCTaskThread "GC Thread#4" [stack: 0x0000001533800000,0x0000001533900000] [id=19364]
  0x000001fb28b49000 GCTaskThread "GC Thread#5" [stack: 0x0000001533900000,0x0000001533a00000] [id=20992]
  0x000001fb28b4a000 GCTaskThread "GC Thread#6" [stack: 0x0000001533a00000,0x0000001533b00000] [id=14684]
  0x000001fb28e2e800 GCTaskThread "GC Thread#7" [stack: 0x0000001533b00000,0x0000001533c00000] [id=22716]
  0x000001fb0a2da000 ConcurrentGCThread "G1 Main Marker" [stack: 0x0000001531b00000,0x0000001531c00000] [id=4444]
  0x000001fb0a2db000 ConcurrentGCThread "G1 Conc#0" [stack: 0x0000001531c00000,0x0000001531d00000] [id=13232]
  0x000001fb2a1c8000 ConcurrentGCThread "G1 Conc#1" [stack: 0x0000001533f00000,0x0000001534000000] [id=17948]
  0x000001fb26510800 ConcurrentGCThread "G1 Refine#0" [stack: 0x0000001531d00000,0x0000001531e00000] [id=1068]
  0x000001fb26511800 ConcurrentGCThread "G1 Young RemSet Sampling" [stack: 0x0000001531e00000,0x0000001531f00000] [id=13452]

Threads with active compile tasks:
C2 CompilerThread0   1949 1933   !   4       java.lang.ClassLoader::loadClass (122 bytes)
C1 CompilerThread0   1949 1986       3       sun.reflect.generics.visitor.Reifier::visitClassTypeSignature (381 bytes)
C2 CompilerThread1   1949 1989       4       sun.reflect.generics.parser.SignatureParser::skipIdentifier (67 bytes)

VM state:not at safepoint (normal execution)

VM Mutex/Monitor currently owned by a thread:  ([mutex/lock_event])
[0x000001fb0a27bc80] CodeCache_lock - owner thread: 0x000001fb2708f000
[0x000001fb0a28a580] Compile_lock - owner thread: 0x000001fb2708f000
[0x000001fb0a28a220] MethodCompileQueue_lock - owner thread: 0x000001fb2708f000

Heap address: 0x0000000080000000, size: 2048 MB, Compressed Oops mode: 32-bit
Narrow klass base: 0x0000000000000000, Narrow klass shift: 3
Compressed class space size: 1073741824 Address: 0x0000000100000000

Heap:
 garbage-first heap   total 129024K, used 33737K [0x0000000080000000, 0x0000000100000000)
  region size 1024K, 19 young (19456K), 2 survivors (2048K)
 Metaspace       used 22308K, capacity 22775K, committed 23040K, reserved 1069056K
  class space    used 2831K, capacity 3010K, committed 3072K, reserved 1048576K
Heap Regions: E=young(eden), S=young(survivor), O=old, HS=humongous(starts), HC=humongous(continues), CS=collection set, F=free, A=archive, TAMS=top-at-mark-start (previous, next)
|   0|0x0000000080000000, 0x0000000080100000, 0x0000000080100000|100%| O|  |TAMS 0x0000000080100000, 0x0000000080000000| Untracked 
|   1|0x0000000080100000, 0x0000000080200000, 0x0000000080200000|100%| O|  |TAMS 0x0000000080200000, 0x0000000080100000| Untracked 
|   2|0x0000000080200000, 0x0000000080300000, 0x0000000080300000|100%| O|  |TAMS 0x0000000080300000, 0x0000000080200000| Untracked 
|   3|0x0000000080300000, 0x0000000080400000, 0x0000000080400000|100%|HS|  |TAMS 0x0000000080400000, 0x0000000080300000| Complete 
|   4|0x0000000080400000, 0x0000000080500000, 0x0000000080500000|100%|HC|  |TAMS 0x0000000080500000, 0x0000000080400000| Complete 
|   5|0x0000000080500000, 0x0000000080600000, 0x0000000080600000|100%|HC|  |TAMS 0x0000000080600000, 0x0000000080500000| Complete 
|   6|0x0000000080600000, 0x0000000080700000, 0x0000000080700000|100%| O|  |TAMS 0x0000000080700000, 0x0000000080600000| Untracked 
|   7|0x0000000080700000, 0x0000000080800000, 0x0000000080800000|100%| O|  |TAMS 0x0000000080800000, 0x0000000080700000| Untracked 
|   8|0x0000000080800000, 0x0000000080900000, 0x0000000080900000|100%| O|  |TAMS 0x0000000080900000, 0x0000000080800000| Untracked 
|   9|0x0000000080900000, 0x0000000080a00000, 0x0000000080a00000|100%| O|  |TAMS 0x0000000080a00000, 0x0000000080900000| Untracked 
|  10|0x0000000080a00000, 0x0000000080b00000, 0x0000000080b00000|100%| O|  |TAMS 0x0000000080b00000, 0x0000000080a00000| Untracked 
|  11|0x0000000080b00000, 0x0000000080c00000, 0x0000000080c00000|100%| O|  |TAMS 0x0000000080c00000, 0x0000000080b00000| Untracked 
|  12|0x0000000080c00000, 0x0000000080d00000, 0x0000000080d00000|100%| O|  |TAMS 0x0000000080d00000, 0x0000000080c00000| Untracked 
|  13|0x0000000080d00000, 0x0000000080e00000, 0x0000000080e00000|100%| O|  |TAMS 0x0000000080e00000, 0x0000000080d00000| Untracked 
|  14|0x0000000080e00000, 0x0000000080f00000, 0x0000000080f00000|100%| O|  |TAMS 0x0000000080f00000, 0x0000000080e00000| Untracked 
|  15|0x0000000080f00000, 0x0000000080fc8400, 0x0000000081000000| 78%| O|  |TAMS 0x0000000080fc8400, 0x0000000080f00000| Untracked 
|  16|0x0000000081000000, 0x0000000081000000, 0x0000000081100000|  0%| F|  |TAMS 0x0000000081000000, 0x0000000081000000| Untracked 
|  17|0x0000000081100000, 0x0000000081100000, 0x0000000081200000|  0%| F|  |TAMS 0x0000000081100000, 0x0000000081100000| Untracked 
|  18|0x0000000081200000, 0x0000000081200000, 0x0000000081300000|  0%| F|  |TAMS 0x0000000081200000, 0x0000000081200000| Untracked 
|  19|0x0000000081300000, 0x0000000081300000, 0x0000000081400000|  0%| F|  |TAMS 0x0000000081300000, 0x0000000081300000| Untracked 
|  20|0x0000000081400000, 0x0000000081400000, 0x0000000081500000|  0%| F|  |TAMS 0x0000000081400000, 0x0000000081400000| Untracked 
|  21|0x0000000081500000, 0x0000000081500000, 0x0000000081600000|  0%| F|  |TAMS 0x0000000081500000, 0x0000000081500000| Untracked 
|  22|0x0000000081600000, 0x0000000081600000, 0x0000000081700000|  0%| F|  |TAMS 0x0000000081600000, 0x0000000081600000| Untracked 
|  23|0x0000000081700000, 0x0000000081700000, 0x0000000081800000|  0%| F|  |TAMS 0x0000000081700000, 0x0000000081700000| Untracked 
|  24|0x0000000081800000, 0x0000000081800000, 0x0000000081900000|  0%| F|  |TAMS 0x0000000081800000, 0x0000000081800000| Untracked 
|  25|0x0000000081900000, 0x0000000081900000, 0x0000000081a00000|  0%| F|  |TAMS 0x0000000081900000, 0x0000000081900000| Untracked 
|  26|0x0000000081a00000, 0x0000000081a00000, 0x0000000081b00000|  0%| F|  |TAMS 0x0000000081a00000, 0x0000000081a00000| Untracked 
|  27|0x0000000081b00000, 0x0000000081b00000, 0x0000000081c00000|  0%| F|  |TAMS 0x0000000081b00000, 0x0000000081b00000| Untracked 
|  28|0x0000000081c00000, 0x0000000081c00000, 0x0000000081d00000|  0%| F|  |TAMS 0x0000000081c00000, 0x0000000081c00000| Untracked 
|  29|0x0000000081d00000, 0x0000000081d00000, 0x0000000081e00000|  0%| F|  |TAMS 0x0000000081d00000, 0x0000000081d00000| Untracked 
|  30|0x0000000081e00000, 0x0000000081e00000, 0x0000000081f00000|  0%| F|  |TAMS 0x0000000081e00000, 0x0000000081e00000| Untracked 
|  31|0x0000000081f00000, 0x0000000081f00000, 0x0000000082000000|  0%| F|  |TAMS 0x0000000081f00000, 0x0000000081f00000| Untracked 
|  32|0x0000000082000000, 0x0000000082000000, 0x0000000082100000|  0%| F|  |TAMS 0x0000000082000000, 0x0000000082000000| Untracked 
|  33|0x0000000082100000, 0x0000000082100000, 0x0000000082200000|  0%| F|  |TAMS 0x0000000082100000, 0x0000000082100000| Untracked 
|  34|0x0000000082200000, 0x0000000082200000, 0x0000000082300000|  0%| F|  |TAMS 0x0000000082200000, 0x0000000082200000| Untracked 
|  35|0x0000000082300000, 0x0000000082300000, 0x0000000082400000|  0%| F|  |TAMS 0x0000000082300000, 0x0000000082300000| Untracked 
|  36|0x0000000082400000, 0x0000000082400000, 0x0000000082500000|  0%| F|  |TAMS 0x0000000082400000, 0x0000000082400000| Untracked 
|  37|0x0000000082500000, 0x0000000082500000, 0x0000000082600000|  0%| F|  |TAMS 0x0000000082500000, 0x0000000082500000| Untracked 
|  38|0x0000000082600000, 0x0000000082600000, 0x0000000082700000|  0%| F|  |TAMS 0x0000000082600000, 0x0000000082600000| Untracked 
|  39|0x0000000082700000, 0x0000000082700000, 0x0000000082800000|  0%| F|  |TAMS 0x0000000082700000, 0x0000000082700000| Untracked 
|  40|0x0000000082800000, 0x0000000082800000, 0x0000000082900000|  0%| F|  |TAMS 0x0000000082800000, 0x0000000082800000| Untracked 
|  41|0x0000000082900000, 0x0000000082900000, 0x0000000082a00000|  0%| F|  |TAMS 0x0000000082900000, 0x0000000082900000| Untracked 
|  42|0x0000000082a00000, 0x0000000082a00000, 0x0000000082b00000|  0%| F|  |TAMS 0x0000000082a00000, 0x0000000082a00000| Untracked 
|  43|0x0000000082b00000, 0x0000000082b00000, 0x0000000082c00000|  0%| F|  |TAMS 0x0000000082b00000, 0x0000000082b00000| Untracked 
|  44|0x0000000082c00000, 0x0000000082c00000, 0x0000000082d00000|  0%| F|  |TAMS 0x0000000082c00000, 0x0000000082c00000| Untracked 
|  45|0x0000000082d00000, 0x0000000082d00000, 0x0000000082e00000|  0%| F|  |TAMS 0x0000000082d00000, 0x0000000082d00000| Untracked 
|  46|0x0000000082e00000, 0x0000000082e00000, 0x0000000082f00000|  0%| F|  |TAMS 0x0000000082e00000, 0x0000000082e00000| Untracked 
|  47|0x0000000082f00000, 0x0000000082f00000, 0x0000000083000000|  0%| F|  |TAMS 0x0000000082f00000, 0x0000000082f00000| Untracked 
|  48|0x0000000083000000, 0x0000000083000000, 0x0000000083100000|  0%| F|  |TAMS 0x0000000083000000, 0x0000000083000000| Untracked 
|  49|0x0000000083100000, 0x0000000083100000, 0x0000000083200000|  0%| F|  |TAMS 0x0000000083100000, 0x0000000083100000| Untracked 
|  50|0x0000000083200000, 0x0000000083200000, 0x0000000083300000|  0%| F|  |TAMS 0x0000000083200000, 0x0000000083200000| Untracked 
|  51|0x0000000083300000, 0x0000000083300000, 0x0000000083400000|  0%| F|  |TAMS 0x0000000083300000, 0x0000000083300000| Untracked 
|  52|0x0000000083400000, 0x0000000083400000, 0x0000000083500000|  0%| F|  |TAMS 0x0000000083400000, 0x0000000083400000| Untracked 
|  53|0x0000000083500000, 0x0000000083500000, 0x0000000083600000|  0%| F|  |TAMS 0x0000000083500000, 0x0000000083500000| Untracked 
|  54|0x0000000083600000, 0x0000000083600000, 0x0000000083700000|  0%| F|  |TAMS 0x0000000083600000, 0x0000000083600000| Untracked 
|  55|0x0000000083700000, 0x0000000083700000, 0x0000000083800000|  0%| F|  |TAMS 0x0000000083700000, 0x0000000083700000| Untracked 
|  56|0x0000000083800000, 0x0000000083800000, 0x0000000083900000|  0%| F|  |TAMS 0x0000000083800000, 0x0000000083800000| Untracked 
|  57|0x0000000083900000, 0x0000000083900000, 0x0000000083a00000|  0%| F|  |TAMS 0x0000000083900000, 0x0000000083900000| Untracked 
|  58|0x0000000083a00000, 0x0000000083a00000, 0x0000000083b00000|  0%| F|  |TAMS 0x0000000083a00000, 0x0000000083a00000| Untracked 
|  59|0x0000000083b00000, 0x0000000083b00000, 0x0000000083c00000|  0%| F|  |TAMS 0x0000000083b00000, 0x0000000083b00000| Untracked 
|  60|0x0000000083c00000, 0x0000000083c00000, 0x0000000083d00000|  0%| F|  |TAMS 0x0000000083c00000, 0x0000000083c00000| Untracked 
|  61|0x0000000083d00000, 0x0000000083d00000, 0x0000000083e00000|  0%| F|  |TAMS 0x0000000083d00000, 0x0000000083d00000| Untracked 
|  62|0x0000000083e00000, 0x0000000083e00000, 0x0000000083f00000|  0%| F|  |TAMS 0x0000000083e00000, 0x0000000083e00000| Untracked 
|  63|0x0000000083f00000, 0x0000000083f00000, 0x0000000084000000|  0%| F|  |TAMS 0x0000000083f00000, 0x0000000083f00000| Untracked 
|  64|0x0000000084000000, 0x0000000084000000, 0x0000000084100000|  0%| F|  |TAMS 0x0000000084000000, 0x0000000084000000| Untracked 
|  65|0x0000000084100000, 0x0000000084100000, 0x0000000084200000|  0%| F|  |TAMS 0x0000000084100000, 0x0000000084100000| Untracked 
|  66|0x0000000084200000, 0x0000000084200000, 0x0000000084300000|  0%| F|  |TAMS 0x0000000084200000, 0x0000000084200000| Untracked 
|  67|0x0000000084300000, 0x0000000084300000, 0x0000000084400000|  0%| F|  |TAMS 0x0000000084300000, 0x0000000084300000| Untracked 
|  68|0x0000000084400000, 0x0000000084400000, 0x0000000084500000|  0%| F|  |TAMS 0x0000000084400000, 0x0000000084400000| Untracked 
|  69|0x0000000084500000, 0x0000000084500000, 0x0000000084600000|  0%| F|  |TAMS 0x0000000084500000, 0x0000000084500000| Untracked 
|  70|0x0000000084600000, 0x0000000084600000, 0x0000000084700000|  0%| F|  |TAMS 0x0000000084600000, 0x0000000084600000| Untracked 
|  71|0x0000000084700000, 0x0000000084700000, 0x0000000084800000|  0%| F|  |TAMS 0x0000000084700000, 0x0000000084700000| Untracked 
|  72|0x0000000084800000, 0x0000000084800000, 0x0000000084900000|  0%| F|  |TAMS 0x0000000084800000, 0x0000000084800000| Untracked 
|  73|0x0000000084900000, 0x0000000084900000, 0x0000000084a00000|  0%| F|  |TAMS 0x0000000084900000, 0x0000000084900000| Untracked 
|  74|0x0000000084a00000, 0x0000000084a00000, 0x0000000084b00000|  0%| F|  |TAMS 0x0000000084a00000, 0x0000000084a00000| Untracked 
|  75|0x0000000084b00000, 0x0000000084b00000, 0x0000000084c00000|  0%| F|  |TAMS 0x0000000084b00000, 0x0000000084b00000| Untracked 
|  76|0x0000000084c00000, 0x0000000084c00000, 0x0000000084d00000|  0%| F|  |TAMS 0x0000000084c00000, 0x0000000084c00000| Untracked 
|  77|0x0000000084d00000, 0x0000000084d00000, 0x0000000084e00000|  0%| F|  |TAMS 0x0000000084d00000, 0x0000000084d00000| Untracked 
|  78|0x0000000084e00000, 0x0000000084e00000, 0x0000000084f00000|  0%| F|  |TAMS 0x0000000084e00000, 0x0000000084e00000| Untracked 
|  79|0x0000000084f00000, 0x0000000084f00000, 0x0000000085000000|  0%| F|  |TAMS 0x0000000084f00000, 0x0000000084f00000| Untracked 
|  80|0x0000000085000000, 0x0000000085000000, 0x0000000085100000|  0%| F|  |TAMS 0x0000000085000000, 0x0000000085000000| Untracked 
|  81|0x0000000085100000, 0x0000000085100000, 0x0000000085200000|  0%| F|  |TAMS 0x0000000085100000, 0x0000000085100000| Untracked 
|  82|0x0000000085200000, 0x0000000085200000, 0x0000000085300000|  0%| F|  |TAMS 0x0000000085200000, 0x0000000085200000| Untracked 
|  83|0x0000000085300000, 0x0000000085300000, 0x0000000085400000|  0%| F|  |TAMS 0x0000000085300000, 0x0000000085300000| Untracked 
|  84|0x0000000085400000, 0x0000000085400000, 0x0000000085500000|  0%| F|  |TAMS 0x0000000085400000, 0x0000000085400000| Untracked 
|  85|0x0000000085500000, 0x0000000085500000, 0x0000000085600000|  0%| F|  |TAMS 0x0000000085500000, 0x0000000085500000| Untracked 
|  86|0x0000000085600000, 0x0000000085600000, 0x0000000085700000|  0%| F|  |TAMS 0x0000000085600000, 0x0000000085600000| Untracked 
|  87|0x0000000085700000, 0x0000000085700000, 0x0000000085800000|  0%| F|  |TAMS 0x0000000085700000, 0x0000000085700000| Untracked 
|  88|0x0000000085800000, 0x0000000085800000, 0x0000000085900000|  0%| F|  |TAMS 0x0000000085800000, 0x0000000085800000| Untracked 
|  89|0x0000000085900000, 0x0000000085900000, 0x0000000085a00000|  0%| F|  |TAMS 0x0000000085900000, 0x0000000085900000| Untracked 
|  90|0x0000000085a00000, 0x0000000085a00000, 0x0000000085b00000|  0%| F|  |TAMS 0x0000000085a00000, 0x0000000085a00000| Untracked 
|  91|0x0000000085b00000, 0x0000000085b00000, 0x0000000085c00000|  0%| F|  |TAMS 0x0000000085b00000, 0x0000000085b00000| Untracked 
|  92|0x0000000085c00000, 0x0000000085c00000, 0x0000000085d00000|  0%| F|  |TAMS 0x0000000085c00000, 0x0000000085c00000| Untracked 
|  93|0x0000000085d00000, 0x0000000085d00000, 0x0000000085e00000|  0%| F|  |TAMS 0x0000000085d00000, 0x0000000085d00000| Untracked 
|  94|0x0000000085e00000, 0x0000000085e00000, 0x0000000085f00000|  0%| F|  |TAMS 0x0000000085e00000, 0x0000000085e00000| Untracked 
|  95|0x0000000085f00000, 0x0000000085f00000, 0x0000000086000000|  0%| F|  |TAMS 0x0000000085f00000, 0x0000000085f00000| Untracked 
|  96|0x0000000086000000, 0x0000000086000000, 0x0000000086100000|  0%| F|  |TAMS 0x0000000086000000, 0x0000000086000000| Untracked 
|  97|0x0000000086100000, 0x000000008612a080, 0x0000000086200000| 16%| S|CS|TAMS 0x0000000086100000, 0x0000000086100000| Complete 
|  98|0x0000000086200000, 0x0000000086300000, 0x0000000086300000|100%| S|CS|TAMS 0x0000000086200000, 0x0000000086200000| Complete 
|  99|0x0000000086300000, 0x0000000086300000, 0x0000000086400000|  0%| F|  |TAMS 0x0000000086300000, 0x0000000086300000| Untracked 
| 100|0x0000000086400000, 0x0000000086400000, 0x0000000086500000|  0%| F|  |TAMS 0x0000000086400000, 0x0000000086400000| Untracked 
| 101|0x0000000086500000, 0x0000000086500000, 0x0000000086600000|  0%| F|  |TAMS 0x0000000086500000, 0x0000000086500000| Untracked 
| 102|0x0000000086600000, 0x0000000086600000, 0x0000000086700000|  0%| F|  |TAMS 0x0000000086600000, 0x0000000086600000| Untracked 
| 103|0x0000000086700000, 0x0000000086700000, 0x0000000086800000|  0%| F|  |TAMS 0x0000000086700000, 0x0000000086700000| Untracked 
| 104|0x0000000086800000, 0x0000000086800000, 0x0000000086900000|  0%| F|  |TAMS 0x0000000086800000, 0x0000000086800000| Untracked 
| 105|0x0000000086900000, 0x0000000086900000, 0x0000000086a00000|  0%| F|  |TAMS 0x0000000086900000, 0x0000000086900000| Untracked 
| 106|0x0000000086a00000, 0x0000000086a00000, 0x0000000086b00000|  0%| F|  |TAMS 0x0000000086a00000, 0x0000000086a00000| Untracked 
| 107|0x0000000086b00000, 0x0000000086b00000, 0x0000000086c00000|  0%| F|  |TAMS 0x0000000086b00000, 0x0000000086b00000| Untracked 
| 108|0x0000000086c00000, 0x0000000086c383e8, 0x0000000086d00000| 21%| E|  |TAMS 0x0000000086c00000, 0x0000000086c00000| Complete 
| 109|0x0000000086d00000, 0x0000000086e00000, 0x0000000086e00000|100%| E|CS|TAMS 0x0000000086d00000, 0x0000000086d00000| Complete 
| 110|0x0000000086e00000, 0x0000000086f00000, 0x0000000086f00000|100%| E|CS|TAMS 0x0000000086e00000, 0x0000000086e00000| Complete 
| 111|0x0000000086f00000, 0x0000000087000000, 0x0000000087000000|100%| E|CS|TAMS 0x0000000086f00000, 0x0000000086f00000| Complete 
| 112|0x0000000087000000, 0x0000000087100000, 0x0000000087100000|100%| E|CS|TAMS 0x0000000087000000, 0x0000000087000000| Complete 
| 113|0x0000000087100000, 0x0000000087200000, 0x0000000087200000|100%| E|CS|TAMS 0x0000000087100000, 0x0000000087100000| Complete 
| 114|0x0000000087200000, 0x0000000087300000, 0x0000000087300000|100%| E|CS|TAMS 0x0000000087200000, 0x0000000087200000| Complete 
| 115|0x0000000087300000, 0x0000000087400000, 0x0000000087400000|100%| E|CS|TAMS 0x0000000087300000, 0x0000000087300000| Complete 
| 116|0x0000000087400000, 0x0000000087500000, 0x0000000087500000|100%| E|CS|TAMS 0x0000000087400000, 0x0000000087400000| Complete 
| 117|0x0000000087500000, 0x0000000087600000, 0x0000000087600000|100%| E|CS|TAMS 0x0000000087500000, 0x0000000087500000| Complete 
| 118|0x0000000087600000, 0x0000000087700000, 0x0000000087700000|100%| E|CS|TAMS 0x0000000087600000, 0x0000000087600000| Complete 
| 119|0x0000000087700000, 0x0000000087800000, 0x0000000087800000|100%| E|CS|TAMS 0x0000000087700000, 0x0000000087700000| Complete 
| 120|0x0000000087800000, 0x0000000087900000, 0x0000000087900000|100%| E|CS|TAMS 0x0000000087800000, 0x0000000087800000| Complete 
| 121|0x0000000087900000, 0x0000000087a00000, 0x0000000087a00000|100%| E|CS|TAMS 0x0000000087900000, 0x0000000087900000| Complete 
| 122|0x0000000087a00000, 0x0000000087b00000, 0x0000000087b00000|100%| E|CS|TAMS 0x0000000087a00000, 0x0000000087a00000| Complete 
| 123|0x0000000087b00000, 0x0000000087c00000, 0x0000000087c00000|100%| E|CS|TAMS 0x0000000087b00000, 0x0000000087b00000| Complete 
| 124|0x0000000087c00000, 0x0000000087d00000, 0x0000000087d00000|100%| E|CS|TAMS 0x0000000087c00000, 0x0000000087c00000| Complete 
| 125|0x0000000087d00000, 0x0000000087e00000, 0x0000000087e00000|100%| E|CS|TAMS 0x0000000087d00000, 0x0000000087d00000| Complete 

Card table byte_map: [0x000001fb1f3e0000,0x000001fb1f7e0000] _byte_map_base: 0x000001fb1efe0000

Marking Bits (Prev, Next): (CMBitMap*) 0x000001fb0a2d13c0, (CMBitMap*) 0x000001fb0a2d1388
 Prev Bits: [0x000001fb21be0000, 0x000001fb23be0000)
 Next Bits: [0x000001fb1fbe0000, 0x000001fb21be0000)

Polling page: 0x000001fb0a370000

Metaspace:

Usage:
  Non-class:     19.36 MB capacity,    19.05 MB ( 98%) used,   285.64 KB (  1%) free+waste,    38.94 KB ( <1%) overhead. 
      Class:      2.94 MB capacity,     2.77 MB ( 94%) used,   153.88 KB (  5%) free+waste,    19.50 KB ( <1%) overhead. 
       Both:     22.30 MB capacity,    21.82 MB ( 98%) used,   439.52 KB (  2%) free+waste,    58.44 KB ( <1%) overhead. 

Virtual space:
  Non-class space:       20.00 MB reserved,      19.50 MB ( 98%) committed 
      Class space:        1.00 GB reserved,       3.00 MB ( <1%) committed 
             Both:        1.02 GB reserved,      22.50 MB (  2%) committed 

Chunk freelists:
   Non-Class:  11.00 KB
       Class:  30.00 KB
        Both:  41.00 KB

MaxMetaspaceSize: 17179869184.00 GB
CompressedClassSpaceSize: 1.00 GB

CodeHeap 'non-profiled nmethods': size=120000Kb used=1024Kb max_used=1024Kb free=118975Kb
 bounds [0x000001fb17040000, 0x000001fb172b0000, 0x000001fb1e570000]
CodeHeap 'profiled nmethods': size=120000Kb used=4093Kb max_used=4093Kb free=115906Kb
 bounds [0x000001fb0fb10000, 0x000001fb0ff10000, 0x000001fb17040000]
CodeHeap 'non-nmethods': size=5760Kb used=1160Kb max_used=1175Kb free=4599Kb
 bounds [0x000001fb0f570000, 0x000001fb0f7e0000, 0x000001fb0fb10000]
 total_blobs=2468 nmethods=1985 adapters=394
 compilation: enabled
              stopped_count=0, restarted_count=0
 full_count=0

Compilation events (20 events):
Event: 1.924 Thread 0x000001fb2708f000 nmethod 1969 0x000001fb0fefe210 code [0x000001fb0fefe420, 0x000001fb0fefeb08]
Event: 1.924 Thread 0x000001fb2708f000 1970       3       org.gradle.internal.service.DefaultServiceRegistry$FactoryService::<init> (7 bytes)
Event: 1.924 Thread 0x000001fb2708f000 nmethod 1970 0x000001fb0fefec90 code [0x000001fb0fefeec0, 0x000001fb0feff708]
Event: 1.924 Thread 0x000001fb2708f000 1971       3       jdk.internal.org.objectweb.asm.Type::getArgumentsAndReturnSizes (151 bytes)
Event: 1.925 Thread 0x000001fb2a33a800 nmethod 1965 0x000001fb1713ea90 code [0x000001fb1713ec20, 0x000001fb1713ee38]
Event: 1.925 Thread 0x000001fb2708f000 nmethod 1971 0x000001fb0feff990 code [0x000001fb0feffd00, 0x000001fb0ff01578]
Event: 1.925 Thread 0x000001fb2708f000 1968       3       sun.reflect.generics.scope.AbstractScope::<init> (10 bytes)
Event: 1.925 Thread 0x000001fb2708f000 nmethod 1968 0x000001fb0ff01e10 code [0x000001fb0ff01fc0, 0x000001fb0ff02178]
Event: 1.927 Thread 0x000001fb2708f000 1972       3       org.gradle.internal.service.DefaultServiceRegistry$SingletonService::getAll (23 bytes)
Event: 1.927 Thread 0x000001fb2708f000 nmethod 1972 0x000001fb0ff02210 code [0x000001fb0ff023e0, 0x000001fb0ff02668]
Event: 1.928 Thread 0x000001fb2708f000 1973       3       java.lang.Package::<init> (47 bytes)
Event: 1.929 Thread 0x000001fb2708f000 nmethod 1973 0x000001fb0ff02790 code [0x000001fb0ff02980, 0x000001fb0ff02dc8]
Event: 1.930 Thread 0x000001fb2708f000 1975       3       jdk.internal.org.objectweb.asm.AnnotationWriter::visitEnd (43 bytes)
Event: 1.930 Thread 0x000001fb2708f000 nmethod 1975 0x000001fb0ff03010 code [0x000001fb0ff031c0, 0x000001fb0ff03358]
Event: 1.930 Thread 0x000001fb2708f000 1977       3       jdk.internal.org.objectweb.asm.AnnotationVisitor::<init> (35 bytes)
Event: 1.930 Thread 0x000001fb2708f000 nmethod 1977 0x000001fb0ff03490 code [0x000001fb0ff03660, 0x000001fb0ff03948]
Event: 1.935 Thread 0x000001fb2708f000 1978   !   3       org.gradle.internal.classloader.TransformingClassLoader::findClass (203 bytes)
Event: 1.936 Thread 0x000001fb2708f000 nmethod 1978 0x000001fb0ff03a90 code [0x000001fb0ff03fe0, 0x000001fb0ff068f8]
Event: 1.936 Thread 0x000001fb2708f000 1979       3       org.gradle.initialization.MixInLegacyTypesClassLoader::shouldTransform (42 bytes)
Event: 1.936 Thread 0x000001fb2708f000 nmethod 1979 0x000001fb0ff07910 code [0x000001fb0ff07b00, 0x000001fb0ff07ef8]

GC Heap History (6 events):
Event: 0.465 GC heap before
{Heap before GC invocations=0 (full 0):
 garbage-first heap   total 129024K, used 29696K [0x0000000080000000, 0x0000000100000000)
  region size 1024K, 24 young (24576K), 0 survivors (0K)
 Metaspace       used 9867K, capacity 10114K, committed 10368K, reserved 1058816K
  class space    used 1028K, capacity 1102K, committed 1152K, reserved 1048576K
}
Event: 0.469 GC heap after
{Heap after GC invocations=1 (full 0):
 garbage-first heap   total 129024K, used 9076K [0x0000000080000000, 0x0000000100000000)
  region size 1024K, 3 young (3072K), 3 survivors (3072K)
 Metaspace       used 9867K, capacity 10114K, committed 10368K, reserved 1058816K
  class space    used 1028K, capacity 1102K, committed 1152K, reserved 1048576K
}
Event: 1.649 GC heap before
{Heap before GC invocations=1 (full 0):
 garbage-first heap   total 129024K, used 82804K [0x0000000080000000, 0x0000000100000000)
  region size 1024K, 75 young (76800K), 3 survivors (3072K)
 Metaspace       used 17540K, capacity 17922K, committed 18176K, reserved 1064960K
  class space    used 2072K, capacity 2217K, committed 2304K, reserved 1048576K
}
Event: 1.654 GC heap after
{Heap after GC invocations=2 (full 0):
 garbage-first heap   total 129024K, used 16275K [0x0000000080000000, 0x0000000100000000)
  region size 1024K, 10 young (10240K), 10 survivors (10240K)
 Metaspace       used 17540K, capacity 17922K, committed 18176K, reserved 1064960K
  class space    used 2072K, capacity 2217K, committed 2304K, reserved 1048576K
}
Event: 1.848 GC heap before
{Heap before GC invocations=2 (full 0):
 garbage-first heap   total 129024K, used 42899K [0x0000000080000000, 0x0000000100000000)
  region size 1024K, 37 young (37888K), 10 survivors (10240K)
 Metaspace       used 20659K, capacity 21081K, committed 21248K, reserved 1067008K
  class space    used 2538K, capacity 2695K, committed 2816K, reserved 1048576K
}
Event: 1.854 GC heap after
{Heap after GC invocations=3 (full 0):
 garbage-first heap   total 129024K, used 17353K [0x0000000080000000, 0x0000000100000000)
  region size 1024K, 2 young (2048K), 2 survivors (2048K)
 Metaspace       used 20659K, capacity 21081K, committed 21248K, reserved 1067008K
  class space    used 2538K, capacity 2695K, committed 2816K, reserved 1048576K
}

Deoptimization events (20 events):
Event: 1.832 Thread 0x000001fb2a412800 Uncommon trap: trap_request=0xffffffc6 fr.pc=0x000001fb170b67d4 relative=0x0000000000000114
Event: 1.832 Thread 0x000001fb2a412800 Uncommon trap: reason=bimorphic_or_optimized_type_check action=maybe_recompile pc=0x000001fb170b67d4 method=java.util.AbstractList$Itr.next()Ljava/lang/Object; @ 14 c2
Event: 1.832 Thread 0x000001fb2a412800 DEOPT PACKING pc=0x000001fb170b67d4 sp=0x00000015332fa5e0
Event: 1.832 Thread 0x000001fb2a412800 DEOPT UNPACKING pc=0x000001fb0f5783af sp=0x00000015332fa578 mode 2
Event: 1.833 Thread 0x000001fb2a412800 Uncommon trap: trap_request=0xffffff4d fr.pc=0x000001fb170b1678 relative=0x00000000000005b8
Event: 1.833 Thread 0x000001fb2a412800 Uncommon trap: reason=unstable_if action=reinterpret pc=0x000001fb170b1678 method=java.io.File.getName()Ljava/lang/String; @ 16 c2
Event: 1.833 Thread 0x000001fb2a412800 DEOPT PACKING pc=0x000001fb170b1678 sp=0x00000015332fafb0
Event: 1.833 Thread 0x000001fb2a412800 DEOPT UNPACKING pc=0x000001fb0f5783af sp=0x00000015332faf80 mode 2
Event: 1.833 Thread 0x000001fb2a412800 Uncommon trap: trap_request=0xffffff4d fr.pc=0x000001fb170af210 relative=0x0000000000000450
Event: 1.833 Thread 0x000001fb2a412800 Uncommon trap: reason=unstable_if action=reinterpret pc=0x000001fb170af210 method=java.lang.String.substring(I)Ljava/lang/String; @ 34 c2
Event: 1.833 Thread 0x000001fb2a412800 DEOPT PACKING pc=0x000001fb170af210 sp=0x00000015332faf30
Event: 1.833 Thread 0x000001fb2a412800 DEOPT UNPACKING pc=0x000001fb0f5783af sp=0x00000015332faf08 mode 2
Event: 1.901 Thread 0x000001fb2a412800 Uncommon trap: trap_request=0xffffff4d fr.pc=0x000001fb1713cb30 relative=0x00000000000003b0
Event: 1.901 Thread 0x000001fb2a412800 Uncommon trap: reason=unstable_if action=reinterpret pc=0x000001fb1713cb30 method=jdk.internal.org.objectweb.asm.Type.getArgumentsAndReturnSizes(Ljava/lang/String;)I @ 88 c2
Event: 1.901 Thread 0x000001fb2a412800 DEOPT PACKING pc=0x000001fb1713cb30 sp=0x00000015332f94c0
Event: 1.901 Thread 0x000001fb2a412800 DEOPT UNPACKING pc=0x000001fb0f5783af sp=0x00000015332f9448 mode 2
Event: 1.906 Thread 0x000001fb2a412800 Uncommon trap: trap_request=0xffffffcc fr.pc=0x000001fb17134ef8 relative=0x00000000000002b8
Event: 1.906 Thread 0x000001fb2a412800 Uncommon trap: reason=intrinsic_or_type_checked_inlining action=make_not_entrant pc=0x000001fb17134ef8 method=java.util.Arrays.copyOf([Ljava/lang/Object;ILjava/lang/Class;)[Ljava/lang/Object; @ 35 c2
Event: 1.906 Thread 0x000001fb2a412800 DEOPT PACKING pc=0x000001fb17134ef8 sp=0x00000015332fb600
Event: 1.906 Thread 0x000001fb2a412800 DEOPT UNPACKING pc=0x000001fb0f5783af sp=0x00000015332fb5a8 mode 2

Classes redefined (0 events):
No events

Internal exceptions (20 events):
Event: 0.365 Thread 0x000001fb0a28e000 Exception <a 'java/lang/NoSuchMethodError'{0x0000000086cb5cf8}: 'void java.lang.invoke.DelegatingMethodHandle$Holder.delegate(java.lang.Object, java.lang.Object, int, java.lang.Object)'> (0x0000000086cb5cf8) thrown at [./src/hotspot/share/interpreter/linkResolver.cpp, line 773]
Event: 0.716 Thread 0x000001fb0a28e000 Exception <a 'java/security/PrivilegedActionException'{0x000000008580bf88}> (0x000000008580bf88) thrown at [./src/hotspot/share/prims/jvm.cpp, line 1306]
Event: 0.716 Thread 0x000001fb0a28e000 Exception <a 'java/security/PrivilegedActionException'{0x000000008580c500}> (0x000000008580c500) thrown at [./src/hotspot/share/prims/jvm.cpp, line 1306]
Event: 0.872 Thread 0x000001fb0a28e000 Exception <a 'java/lang/NoSuchMethodError'{0x0000000084727a08}: 'java.lang.Object java.lang.invoke.DirectMethodHandle$Holder.invokeStaticInit(java.lang.Object, java.lang.Object, java.lang.Object)'> (0x0000000084727a08) thrown at [./src/hotspot/share/interpreter/linkResolver.cpp, line 773]
Event: 0.973 Thread 0x000001fb0a28e000 Exception <a 'java/lang/NoSuchMethodError'{0x000000008418cee8}: 'java.lang.Object java.lang.invoke.DirectMethodHandle$Holder.invokeStaticInit(java.lang.Object, int, int, int, int)'> (0x000000008418cee8) thrown at [./src/hotspot/share/interpreter/linkResolver.cpp, line 773]
Event: 1.192 Thread 0x000001fb0a28e000 Exception <a 'java/lang/NoSuchMethodError'{0x000000008405bdf0}: 'java.lang.Object java.lang.invoke.DirectMethodHandle$Holder.invokeStaticInit(java.lang.Object, java.lang.Object, int, int, int, int)'> (0x000000008405bdf0) thrown at [./src/hotspot/share/interpreter/linkResolver.cpp, line 773]
Event: 1.524 Thread 0x000001fb0a28e000 Exception <a 'java/io/IOException'{0x0000000083ec3f78}> (0x0000000083ec3f78) thrown at [./src/hotspot/share/prims/jni.cpp, line 615]
Event: 1.604 Thread 0x000001fb2a412800 Exception <a 'java/lang/NoSuchMethodError'{0x00000000838a1e20}: 'void java.lang.invoke.DirectMethodHandle$Holder.invokeVirtual(java.lang.Object, java.lang.Object, java.lang.Object, java.lang.Object)'> (0x00000000838a1e20) thrown at [./src/hotspot/share/interpreter/linkResolver.cpp, line 773]
Event: 1.605 Thread 0x000001fb2a412800 Exception <a 'java/lang/NoSuchMethodError'{0x00000000838b0fa8}: 'void java.lang.invoke.DelegatingMethodHandle$Holder.reinvoke_L(java.lang.Object, java.lang.Object, java.lang.Object, java.lang.Object)'> (0x00000000838b0fa8) thrown at [./src/hotspot/share/interpreter/linkResolver.cpp, line 773]
Event: 1.609 Thread 0x000001fb2a412800 Exception <a 'java/lang/NoSuchMethodError'{0x00000000838e1e10}: 'long java.lang.invoke.DirectMethodHandle$Holder.invokeInterface(java.lang.Object, java.lang.Object)'> (0x00000000838e1e10) thrown at [./src/hotspot/share/interpreter/linkResolver.cpp, line 773]
Event: 1.611 Thread 0x000001fb2a412800 Exception <a 'java/lang/NoSuchMethodError'{0x0000000083705ba8}: 'void java.lang.invoke.DelegatingMethodHandle$Holder.reinvoke_L(java.lang.Object, java.lang.Object, java.lang.Object, java.lang.Object, java.lang.Object, java.lang.Object, java.lang.Object)'> (0x0000000083705ba8) thrown at [./src/hotspot/share/interpreter/linkResolver.cpp, line 773]
Event: 1.787 Thread 0x000001fb2a412800 Exception <a 'java/lang/NoSuchMethodError'{0x00000000869470e8}: 'void java.lang.invoke.DirectMethodHandle$Holder.invokeStaticInit(java.lang.Object)'> (0x00000000869470e8) thrown at [./src/hotspot/share/interpreter/linkResolver.cpp, line 773]
Event: 1.810 Thread 0x000001fb2a412800 Exception <a 'java/lang/NoSuchMethodError'{0x0000000086775cf8}: 'java.lang.Object java.lang.invoke.DirectMethodHandle$Holder.invokeStatic(java.lang.Object, java.lang.Object, java.lang.Object, int)'> (0x0000000086775cf8) thrown at [./src/hotspot/share/interpreter/linkResolver.cpp, line 773]
Event: 1.811 Thread 0x000001fb2a412800 Exception <a 'java/lang/NoSuchMethodError'{0x000000008677a168}: 'java.lang.Object java.lang.invoke.DirectMethodHandle$Holder.invokeSpecial(java.lang.Object, java.lang.Object, java.lang.Object, java.lang.Object, int)'> (0x000000008677a168) thrown at [./src/hotspot/share/interpreter/linkResolver.cpp, line 773]
Event: 1.811 Thread 0x000001fb2a412800 Exception <a 'java/lang/NoSuchMethodError'{0x000000008677ddf8}: 'java.lang.Object java.lang.invoke.Invokers$Holder.linkToTargetMethod(java.lang.Object, java.lang.Object, int, java.lang.Object)'> (0x000000008677ddf8) thrown at [./src/hotspot/share/interpreter/linkResolver.cpp, line 773]
Event: 1.866 Thread 0x000001fb2a412800 Exception <a 'java/lang/NoSuchMethodError'{0x0000000087deab30}: 'int java.lang.invoke.DirectMethodHandle$Holder.invokeSpecialIFC(java.lang.Object, java.lang.Object, java.lang.Object, java.lang.Object)'> (0x0000000087deab30) thrown at [./src/hotspot/share/interpreter/linkResolver.cpp, line 773]
Event: 1.868 Thread 0x000001fb2a412800 Exception <a 'java/lang/NoSuchMethodError'{0x0000000087df8b18}: 'java.lang.Object java.lang.invoke.DirectMethodHandle$Holder.invokeInterface(java.lang.Object, java.lang.Object, java.lang.Object)'> (0x0000000087df8b18) thrown at [./src/hotspot/share/interpreter/linkResolver.cpp, line 773]
Event: 1.868 Thread 0x000001fb2a412800 Exception <a 'java/lang/IncompatibleClassChangeError'{0x0000000087dfbff0}: Found class java.lang.Object, but interface was expected> (0x0000000087dfbff0) thrown at [./src/hotspot/share/interpreter/linkResolver.cpp, line 839]
Event: 1.882 Thread 0x000001fb2a412800 Exception <a 'java/lang/NoSuchMethodError'{0x0000000087bfe490}: 'void java.lang.invoke.DirectMethodHandle$Holder.invokeStatic(java.lang.Object, java.lang.Object, java.lang.Object, java.lang.Object, java.lang.Object)'> (0x0000000087bfe490) thrown at [./src/hotspot/share/interpreter/linkResolver.cpp, line 773]
Event: 1.930 Thread 0x000001fb2a412800 Exception <a 'java/lang/NoSuchMethodError'{0x000000008735aa70}: 'java.lang.Object java.lang.invoke.DirectMethodHandle$Holder.invokeSpecial(java.lang.Object, java.lang.Object, java.lang.Object, java.lang.Object, java.lang.Object, java.lang.Object, java.lang.Object, java.lang.Object, java.lang.Object)'> (0x000000008735aa70) thrown at [./src/hotspot/share/interpreter/linkResolver.cpp, line 773]

Events (20 events):
Event: 1.935 loading class org/gradle/api/internal/artifacts/ivyservice/modulecache/dynamicversions/InMemoryModuleVersionsCache
Event: 1.935 loading class org/gradle/api/internal/artifacts/ivyservice/modulecache/dynamicversions/InMemoryModuleVersionsCache done
Event: 1.936 loading class org/gradle/internal/resource/local/FileStore
Event: 1.936 loading class org/gradle/internal/resource/local/FileStore done
Event: 1.936 loading class org/gradle/api/internal/artifacts/repositories/resolver/ExternalResourceAccessor
Event: 1.936 loading class org/gradle/api/internal/artifacts/repositories/resolver/ExternalResourceAccessor done
Event: 1.936 loading class org/gradle/internal/resource/TextUriResourceLoader
Event: 1.936 loading class org/gradle/internal/resource/TextUriResourceLoader done
Event: 1.936 loading class org/gradle/api/internal/filestore/ArtifactIdentifierFileStore
Event: 1.936 loading class org/gradle/api/internal/filestore/ArtifactIdentifierFileStore done
Event: 1.936 loading class org/gradle/internal/resource/local/FileStoreSearcher
Event: 1.936 loading class org/gradle/internal/resource/local/FileStoreSearcher done
Event: 1.936 loading class org/gradle/internal/resource/cached/ExternalResourceFileStore
Event: 1.936 loading class org/gradle/internal/resource/cached/ExternalResourceFileStore done
Event: 1.936 loading class org/gradle/api/internal/artifacts/ivyservice/modulecache/artifacts/ReadOnlyModuleArtifactsCache
Event: 1.936 loading class org/gradle/api/internal/artifacts/ivyservice/modulecache/artifacts/ReadOnlyModuleArtifactsCache done
Event: 1.936 loading class org/gradle/api/internal/artifacts/ivyservice/modulecache/artifacts/DefaultModuleArtifactsCache
Event: 1.936 loading class org/gradle/api/internal/artifacts/ivyservice/modulecache/artifacts/DefaultModuleArtifactsCache done
Event: 1.937 loading class org/gradle/api/internal/artifacts/ivyservice/modulecache/ReadOnlyModuleMetadataCache
Event: 1.937 loading class org/gradle/api/internal/artifacts/ivyservice/modulecache/ReadOnlyModuleMetadataCache done


Dynamic libraries:
0x00007ff6258b0000 - 0x00007ff6258ba000 	C:\Program Files\Android\Android Studio\jre\bin\java.exe
0x00007ffc9cfc0000 - 0x00007ffc9d1c9000 	C:\WINDOWS\SYSTEM32\ntdll.dll
0x00007ffc9bd90000 - 0x00007ffc9be4d000 	C:\WINDOWS\System32\KERNEL32.DLL
0x00007ffc9a8d0000 - 0x00007ffc9ac44000 	C:\WINDOWS\System32\KERNELBASE.dll
0x00007ffc9a5d0000 - 0x00007ffc9a6e1000 	C:\WINDOWS\System32\ucrtbase.dll
0x00007ffc7ee90000 - 0x00007ffc7eea7000 	C:\Program Files\Android\Android Studio\jre\bin\VCRUNTIME140.dll
0x00007ffc7ee70000 - 0x00007ffc7ee89000 	C:\Program Files\Android\Android Studio\jre\bin\jli.dll
0x00007ffc9b7c0000 - 0x00007ffc9b96c000 	C:\WINDOWS\System32\USER32.dll
0x00007ffc9ad70000 - 0x00007ffc9ad96000 	C:\WINDOWS\System32\win32u.dll
0x00007ffc7bde0000 - 0x00007ffc7c085000 	C:\WINDOWS\WinSxS\amd64_microsoft.windows.common-controls_6595b64144ccf1df_6.0.22000.120_none_9d947278b86cc467\COMCTL32.dll
0x00007ffc9b560000 - 0x00007ffc9b589000 	C:\WINDOWS\System32\GDI32.dll
0x00007ffc9b9b0000 - 0x00007ffc9ba53000 	C:\WINDOWS\System32\msvcrt.dll
0x00007ffc9a4b0000 - 0x00007ffc9a5c2000 	C:\WINDOWS\System32\gdi32full.dll
0x00007ffc9acd0000 - 0x00007ffc9ad6d000 	C:\WINDOWS\System32\msvcp_win.dll
0x00007ffc9b970000 - 0x00007ffc9b9a1000 	C:\WINDOWS\System32\IMM32.DLL
0x00007ffc60ef0000 - 0x00007ffc60f8d000 	C:\Program Files\Android\Android Studio\jre\bin\msvcp140.dll
0x00007ffc4aec0000 - 0x00007ffc4b995000 	C:\Program Files\Android\Android Studio\jre\bin\server\jvm.dll
0x00007ffc9c1c0000 - 0x00007ffc9c26e000 	C:\WINDOWS\System32\ADVAPI32.dll
0x00007ffc9b700000 - 0x00007ffc9b79e000 	C:\WINDOWS\System32\sechost.dll
0x00007ffc9cad0000 - 0x00007ffc9cbf0000 	C:\WINDOWS\System32\RPCRT4.dll
0x00007ffc9b6f0000 - 0x00007ffc9b6f8000 	C:\WINDOWS\System32\PSAPI.DLL
0x00007ffc94970000 - 0x00007ffc949a3000 	C:\WINDOWS\SYSTEM32\WINMM.dll
0x00007ffc96800000 - 0x00007ffc96809000 	C:\WINDOWS\SYSTEM32\WSOCK32.dll
0x00007ffc93d60000 - 0x00007ffc93d6a000 	C:\WINDOWS\SYSTEM32\VERSION.dll
0x00007ffc9c150000 - 0x00007ffc9c1bf000 	C:\WINDOWS\System32\WS2_32.dll
0x00007ffc996a0000 - 0x00007ffc996b8000 	C:\WINDOWS\SYSTEM32\kernel.appcore.dll
0x00007ffc967c0000 - 0x00007ffc967d1000 	C:\Program Files\Android\Android Studio\jre\bin\verify.dll
0x00007ffc97a60000 - 0x00007ffc97c81000 	C:\WINDOWS\SYSTEM32\DBGHELP.DLL
0x00007ffc7c770000 - 0x00007ffc7c7a1000 	C:\WINDOWS\SYSTEM32\dbgcore.DLL
0x00007ffc9ac50000 - 0x00007ffc9accf000 	C:\WINDOWS\System32\bcryptPrimitives.dll
0x00007ffc7f6f0000 - 0x00007ffc7f719000 	C:\Program Files\Android\Android Studio\jre\bin\java.dll
0x00007ffc967b0000 - 0x00007ffc967bb000 	C:\Program Files\Android\Android Studio\jre\bin\jimage.dll
0x00007ffc7f6d0000 - 0x00007ffc7f6e8000 	C:\Program Files\Android\Android Studio\jre\bin\zip.dll
0x00007ffc9c270000 - 0x00007ffc9ca1f000 	C:\WINDOWS\System32\SHELL32.dll
0x00007ffc98620000 - 0x00007ffc98e88000 	C:\WINDOWS\SYSTEM32\windows.storage.dll
0x00007ffc9cbf0000 - 0x00007ffc9cf68000 	C:\WINDOWS\System32\combase.dll
0x00007ffc984b0000 - 0x00007ffc98616000 	C:\WINDOWS\SYSTEM32\wintypes.dll
0x00007ffc9bec0000 - 0x00007ffc9bfaa000 	C:\WINDOWS\System32\SHCORE.dll
0x00007ffc9ba60000 - 0x00007ffc9babd000 	C:\WINDOWS\System32\shlwapi.dll
0x00007ffc9a3e0000 - 0x00007ffc9a401000 	C:\WINDOWS\SYSTEM32\profapi.dll
0x00007ffc7f6b0000 - 0x00007ffc7f6ca000 	C:\Program Files\Android\Android Studio\jre\bin\net.dll
0x00007ffc95c00000 - 0x00007ffc95d0c000 	C:\WINDOWS\SYSTEM32\WINHTTP.dll
0x00007ffc99ad0000 - 0x00007ffc99b37000 	C:\WINDOWS\system32\mswsock.dll
0x00007ffc7f690000 - 0x00007ffc7f6a4000 	C:\Program Files\Android\Android Studio\jre\bin\nio.dll
0x00007ffc68f20000 - 0x00007ffc68f47000 	C:\Users\majma\.gradle\native\e1d6ef7f7dcc3fd88c89a11ec53ec762bb8ba0a96d01ffa2cd45eb1d1d8dd5c5\windows-amd64\native-platform.dll
0x00007ffc4dee0000 - 0x00007ffc4e024000 	C:\Users\majma\.gradle\native\5664cfc778a61ccfe75a443a1ab52a65af34e5dc3c78e0209fed803814484fcb\windows-amd64\native-platform-file-events.dll
0x00007ffc953d0000 - 0x00007ffc953da000 	C:\Program Files\Android\Android Studio\jre\bin\management.dll
0x00007ffc95390000 - 0x00007ffc9539d000 	C:\Program Files\Android\Android Studio\jre\bin\management_ext.dll
0x00007ffc99d20000 - 0x00007ffc99d38000 	C:\WINDOWS\SYSTEM32\CRYPTSP.dll
0x00007ffc99600000 - 0x00007ffc99635000 	C:\WINDOWS\system32\rsaenh.dll
0x00007ffc99bc0000 - 0x00007ffc99be9000 	C:\WINDOWS\SYSTEM32\USERENV.dll
0x00007ffc99e90000 - 0x00007ffc99eb7000 	C:\WINDOWS\SYSTEM32\bcrypt.dll
0x00007ffc99d10000 - 0x00007ffc99d1c000 	C:\WINDOWS\SYSTEM32\CRYPTBASE.dll
0x00007ffc99150000 - 0x00007ffc9917d000 	C:\WINDOWS\SYSTEM32\IPHLPAPI.DLL
0x00007ffc9b7b0000 - 0x00007ffc9b7b9000 	C:\WINDOWS\System32\NSI.dll
0x00007ffc949c0000 - 0x00007ffc949d9000 	C:\WINDOWS\SYSTEM32\dhcpcsvc6.DLL
0x00007ffc94d00000 - 0x00007ffc94d1e000 	C:\WINDOWS\SYSTEM32\dhcpcsvc.DLL
0x00007ffc99180000 - 0x00007ffc99268000 	C:\WINDOWS\SYSTEM32\DNSAPI.dll

dbghelp: loaded successfully - version: 4.0.5 - missing functions: none
symbol engine: initialized successfully - sym options: 0x614 - pdb path: .;C:\Program Files\Android\Android Studio\jre\bin;C:\WINDOWS\SYSTEM32;C:\WINDOWS\WinSxS\amd64_microsoft.windows.common-controls_6595b64144ccf1df_6.0.22000.120_none_9d947278b86cc467;C:\Program Files\Android\Android Studio\jre\bin\server;C:\Users\majma\.gradle\native\e1d6ef7f7dcc3fd88c89a11ec53ec762bb8ba0a96d01ffa2cd45eb1d1d8dd5c5\windows-amd64;C:\Users\majma\.gradle\native\5664cfc778a61ccfe75a443a1ab52a65af34e5dc3c78e0209fed803814484fcb\windows-amd64

VM Arguments:
jvm_args: --add-opens=java.base/java.util=ALL-UNNAMED --add-opens=java.base/java.lang=ALL-UNNAMED --add-opens=java.base/java.lang.invoke=ALL-UNNAMED --add-opens=java.base/java.util=ALL-UNNAMED --add-opens=java.prefs/java.util.prefs=ALL-UNNAMED --add-opens=java.prefs/java.util.prefs=ALL-UNNAMED --add-opens=java.base/java.nio.charset=ALL-UNNAMED --add-opens=java.base/java.net=ALL-UNNAMED --add-opens=java.base/java.util.concurrent.atomic=ALL-UNNAMED -Xmx2048m -Dfile.encoding=UTF-8 -Duser.country=US -Duser.language=en -Duser.variant 
java_command: org.gradle.launcher.daemon.bootstrap.GradleDaemon 7.2
java_class_path (initial): C:\Users\majma\.gradle\wrapper\dists\gradle-7.2-bin\2dnblmf4td7x66yl1d74lt32g\gradle-7.2\lib\gradle-launcher-7.2.jar
Launcher Type: SUN_STANDARD

[Global flags]
     intx CICompilerCount                          = 4                                         {product} {ergonomic}
     uint ConcGCThreads                            = 2                                         {product} {ergonomic}
     uint G1ConcRefinementThreads                  = 8                                         {product} {ergonomic}
   size_t G1HeapRegionSize                         = 1048576                                   {product} {ergonomic}
    uintx GCDrainStackTargetSize                   = 64                                        {product} {ergonomic}
   size_t InitialHeapSize                          = 132120576                                 {product} {ergonomic}
   size_t MarkStackSize                            = 4194304                                   {product} {ergonomic}
   size_t MaxHeapSize                              = 2147483648                                {product} {command line}
   size_t MaxNewSize                               = 1287651328                                {product} {ergonomic}
   size_t MinHeapDeltaBytes                        = 1048576                                   {product} {ergonomic}
    uintx NonNMethodCodeHeapSize                   = 5836300                                {pd product} {ergonomic}
    uintx NonProfiledCodeHeapSize                  = 122910970                              {pd product} {ergonomic}
    uintx ProfiledCodeHeapSize                     = 122910970                              {pd product} {ergonomic}
    uintx ReservedCodeCacheSize                    = 251658240                              {pd product} {ergonomic}
     bool SegmentedCodeCache                       = true                                      {product} {ergonomic}
     bool UseCompressedClassPointers               = true                                 {lp64_product} {ergonomic}
     bool UseCompressedOops                        = true                                 {lp64_product} {ergonomic}
     bool UseG1GC                                  = true                                      {product} {ergonomic}
     bool UseLargePagesIndividualAllocation        = false                                  {pd product} {ergonomic}

Logging:
Log output configuration:
 #0: stdout all=warning uptime,level,tags
 #1: stderr all=off uptime,level,tags

Environment Variables:
PATH=C:\Program Files\Common Files\Oracle\Java\javapath;C:\WINDOWS\system32;C:\WINDOWS;C:\WINDOWS\System32\Wbem;C:\WINDOWS\System32\WindowsPowerShell\v1.0\;C:\WINDOWS\System32\OpenSSH\;C:\Program Files\Java\jdk-17.0.2\bin;C:\Program Files\Git\cmd;C:\Users\majma\AppData\Local\Microsoft\WindowsApps;C:\Users\majma\AppData\Local\Programs\Microsoft VS Code\bin
USERNAME=majma
OS=Windows_NT
PROCESSOR_IDENTIFIER=Intel64 Family 6 Model 140 Stepping 1, GenuineIntel



---------------  S Y S T E M  ---------------

OS: Windows 10 , 64 bit Build 22000 (10.0.22000.613)
OS uptime: 3 days 15:42 hours

CPU:total 8 (initial active 8) (4 cores per cpu, 2 threads per core) family 6 model 140 stepping 1 microcode 0x86, cmov, cx8, fxsr, mmx, sse, sse2, sse3, ssse3, sse4.1, sse4.2, popcnt, avx, avx2, aes, clmul, erms, 3dnowpref, lzcnt, ht, tsc, tscinvbit, bmi1, bmi2, adx, evex, sha, fma

Memory: 4k page, system-wide physical 7959M (558M free)
TotalPageFile size 10959M (AvailPageFile size 6M)
current process WorkingSet (physical memory assigned to process): 210M, peak: 211M
current process commit charge ("private bytes"): 276M, peak: 277M

vm_info: OpenJDK 64-Bit Server VM (11.0.11+9-b60-7590822) for windows-amd64 JRE (11.0.11+9-b60-7590822), built on Jul 29 2021 21:43:44 by "builder" with MS VC++ 14.0 (VS2015)

END.
